This file contains any messages produced by compilers while
running configure, to aid debugging if configure makes a mistake.

It was created by newlib configure 2.2.0, which was
generated by GNU Autoconf 2.69.  Invocation command line was

  $ /usr/local/3rdparty/altera/18.1/nios2eds/bin/gnu/src/newlib-2.2/newlib/libc/machine/nios2/configure --disable-option-checking --prefix=/acct/mjonker/csce-313-embedded-systems/project6/6_case_b/software/proj6b_bsp/newlib --with-newlib --with-cross-host=x86_64-unknown-linux-gnu --enable-multilib --enable-newlib-io-long-long --program-transform-name=s&^&nios2-elf-& --with-target-subdir=nios2-elf --build=x86_64-unknown-linux-gnu --host=nios2-elf --target=nios2-elf build_alias=x86_64-unknown-linux-gnu host_alias=nios2-elf target_alias=nios2-elf CC=/acct/mjonker/csce-313-embedded-systems/project6/6_case_b/software/proj6b_bsp/newlib-build-tmp/build-newlib-stage-wrapper nios2-elf-gcc -B/acct/mjonker/csce-313-embedded-systems/project6/6_case_b/software/proj6b_bsp/newlib-build-tmp/normalc/nios2-elf/newlib/ -isystem /acct/mjonker/csce-313-embedded-systems/project6/6_case_b/software/proj6b_bsp/newlib-build-tmp/normalc/nios2-elf/newlib/targ-include -isystem /usr/local/3rdparty/altera/18.1/nios2eds/bin/gnu/src/newlib-2.2/newlib/libc/include -B/acct/mjonker/csce-313-embedded-systems/project6/6_case_b/software/proj6b_bsp/newlib-build-tmp/normalc/nios2-elf/libgloss/nios2 -L/acct/mjonker/csce-313-embedded-systems/project6/6_case_b/software/proj6b_bsp/newlib-build-tmp/normalc/nios2-elf/libgloss/libnosys -L/usr/local/3rdparty/altera/18.1/nios2eds/bin/gnu/src/newlib-2.2/libgloss/nios2    CFLAGS=-g -O2 -mno-gpopt -ffunction-sections -fdata-sections -mno-gpopt LDFLAGS= CPPFLAGS= --cache-file=../../.././config.cache --srcdir=/usr/local/3rdparty/altera/18.1/nios2eds/bin/gnu/src/newlib-2.2/newlib/libc/machine/nios2

## --------- ##
## Platform. ##
## --------- ##

hostname = cocsce-l3d22-08
uname -m = x86_64
uname -r = 5.14.0-1055-oem
uname -s = Linux
uname -v = #62-Ubuntu SMP Wed Nov 30 04:54:03 UTC 2022

/usr/bin/uname -p = x86_64
/bin/uname -X     = unknown

/bin/arch              = x86_64
/usr/bin/arch -k       = unknown
/usr/convex/getsysinfo = unknown
/usr/bin/hostinfo      = unknown
/bin/machine           = unknown
/usr/bin/oslevel       = unknown
/bin/universe          = unknown

PATH: /usr/local/3rdparty/altera/18.1/nios2eds/bin/gnu/H-x86_64-pc-linux-gnu/bin
PATH: /usr/local/3rdparty/altera/18.1/nios2eds/sdk2/bin
PATH: /usr/local/3rdparty/altera/18.1/nios2eds/bin
PATH: /usr/local/3rdparty/altera/18.1/quartus/linux64
PATH: /usr/local/3rdparty/mentor/questasim/questasim/bin
PATH: /usr/local/3rdparty/altera/18.1/quartus/../nios2eds/sdk2/bin
PATH: /usr/local/3rdparty/altera/18.1/quartus/../nios2eds/bin
PATH: /usr/local/3rdparty/altera/18.1/quartus/../nios2eds/bin/gnu/H-x86_64-pc-linux-gnu/bin
PATH: /usr/local/3rdparty/altera/18.1/quartus/linux64
PATH: /usr/local/3rdparty/smlnj/bin
PATH: /usr/lib/oracle/12.1/client64/bin
PATH: /usr/bin
PATH: /acct/mjonker/.local/bin
PATH: /acct/mjonker/bin
PATH: /usr/local/sbin
PATH: /usr/local/bin
PATH: /usr/sbin
PATH: /usr/bin
PATH: /sbin
PATH: /bin
PATH: /usr/games
PATH: /usr/local/games
PATH: /snap/bin
PATH: /usr/local/3rdparty/simplescalar/bin
PATH: /usr/local/3rdparty/simplescalar/simplesim-3.0
PATH: /usr/local/3rdparty/gradle-3.3/bin
PATH: /usr/local/3rdparty/android-studio/bin
PATH: /usr/local/3rdparty/intelliJ-2018.1/bin
PATH: /usr/local/3rdparty/jetbrains/pycharm/pycharm-community-2020.3.3/bin
PATH: /usr/local/3rdparty/webstorm-2018.1/bin
PATH: /usr/local/3rdparty/ParaView-5.6.0-MPI-Linux-64bit/bin
PATH: /usr/local/3rdparty/gem5/build/X86
PATH: /usr/local/3rdparty/gem5/build/RISCV
PATH: /usr/local/3rdparty/synopsys/cscope64/P-2019.06/ai_bin
PATH: /usr/local/3rdparty/synopsys/hspice/P-2019.06-SP1/hspice/bin
PATH: /usr/local/3rdparty/synopsys/pts/P-2019.03-SP5/bin
PATH: /usr/local/3rdparty/synopsys/pwr/P-2019.03-SP5/bin
PATH: /usr/local/3rdparty/synopsys/syn/P-2019.03-SP5/bin
PATH: /usr/local/3rdparty/synopsys/icc/R-2020.09-SP3/bin
PATH: /usr/local/3rdparty/synopsys/icc2/R-2020.09-SP3/bin
PATH: /usr/local/3rdparty/synopsys/fm/R-2020.09-SP3/bin
PATH: /usr/local/3rdparty/synopsys/customcompiler/Q-2020.03-SP2-4/bin
PATH: /usr/local/3rdparty/synopsys/vcs/P-2019.06-SP2-11/bin
PATH: /usr/local/3rdparty/cabal/bin


## ----------- ##
## Core tests. ##
## ----------- ##

configure:1739: loading cache ../../.././config.cache
configure:1857: checking build system type
configure:1871: result: x86_64-unknown-linux-gnu
configure:1891: checking host system type
configure:1904: result: nios2-unknown-elf
configure:1940: checking for a BSD-compatible install
configure:2008: result: /usr/bin/install -c
configure:2019: checking whether build environment is sane
configure:2069: result: yes
configure:2118: checking for nios2-elf-strip
configure:2145: result: nios2-elf-strip
configure:2210: checking for a thread-safe mkdir -p
configure:2249: result: /usr/bin/mkdir -p
configure:2262: checking for gawk
configure:2289: result: gawk
configure:2300: checking whether make sets $(MAKE)
configure:2322: result: yes
configure:2352: checking for style of include used by make
configure:2380: result: GNU
configure:2590: checking for gcc
configure:2617: result: /acct/mjonker/csce-313-embedded-systems/project6/6_case_b/software/proj6b_bsp/newlib-build-tmp/build-newlib-stage-wrapper nios2-elf-gcc -B/acct/mjonker/csce-313-embedded-systems/project6/6_case_b/software/proj6b_bsp/newlib-build-tmp/normalc/nios2-elf/newlib/ -isystem /acct/mjonker/csce-313-embedded-systems/project6/6_case_b/software/proj6b_bsp/newlib-build-tmp/normalc/nios2-elf/newlib/targ-include -isystem /usr/local/3rdparty/altera/18.1/nios2eds/bin/gnu/src/newlib-2.2/newlib/libc/include -B/acct/mjonker/csce-313-embedded-systems/project6/6_case_b/software/proj6b_bsp/newlib-build-tmp/normalc/nios2-elf/libgloss/nios2 -L/acct/mjonker/csce-313-embedded-systems/project6/6_case_b/software/proj6b_bsp/newlib-build-tmp/normalc/nios2-elf/libgloss/libnosys -L/usr/local/3rdparty/altera/18.1/nios2eds/bin/gnu/src/newlib-2.2/libgloss/nios2   
configure:2628: checking dependency style of /acct/mjonker/csce-313-embedded-systems/project6/6_case_b/software/proj6b_bsp/newlib-build-tmp/build-newlib-stage-wrapper nios2-elf-gcc -B/acct/mjonker/csce-313-embedded-systems/project6/6_case_b/software/proj6b_bsp/newlib-build-tmp/normalc/nios2-elf/newlib/ -isystem /acct/mjonker/csce-313-embedded-systems/project6/6_case_b/software/proj6b_bsp/newlib-build-tmp/normalc/nios2-elf/newlib/targ-include -isystem /usr/local/3rdparty/altera/18.1/nios2eds/bin/gnu/src/newlib-2.2/newlib/libc/include -B/acct/mjonker/csce-313-embedded-systems/project6/6_case_b/software/proj6b_bsp/newlib-build-tmp/normalc/nios2-elf/libgloss/nios2 -L/acct/mjonker/csce-313-embedded-systems/project6/6_case_b/software/proj6b_bsp/newlib-build-tmp/normalc/nios2-elf/libgloss/libnosys -L/usr/local/3rdparty/altera/18.1/nios2eds/bin/gnu/src/newlib-2.2/libgloss/nios2   
configure:2739: result: gcc3
configure:2812: checking whether we are using GNU C
configure:2833: result: yes
configure:2842: checking whether /acct/mjonker/csce-313-embedded-systems/project6/6_case_b/software/proj6b_bsp/newlib-build-tmp/build-newlib-stage-wrapper nios2-elf-gcc -B/acct/mjonker/csce-313-embedded-systems/project6/6_case_b/software/proj6b_bsp/newlib-build-tmp/normalc/nios2-elf/newlib/ -isystem /acct/mjonker/csce-313-embedded-systems/project6/6_case_b/software/proj6b_bsp/newlib-build-tmp/normalc/nios2-elf/newlib/targ-include -isystem /usr/local/3rdparty/altera/18.1/nios2eds/bin/gnu/src/newlib-2.2/newlib/libc/include -B/acct/mjonker/csce-313-embedded-systems/project6/6_case_b/software/proj6b_bsp/newlib-build-tmp/normalc/nios2-elf/libgloss/nios2 -L/acct/mjonker/csce-313-embedded-systems/project6/6_case_b/software/proj6b_bsp/newlib-build-tmp/normalc/nios2-elf/libgloss/libnosys -L/usr/local/3rdparty/altera/18.1/nios2eds/bin/gnu/src/newlib-2.2/libgloss/nios2    accepts -g
configure:2903: result: no
configure:2936: checking for nios2-elf-as
configure:2963: result: /acct/mjonker/csce-313-embedded-systems/project6/6_case_b/software/proj6b_bsp/newlib-build-tmp/build-newlib-stage-wrapper nios2-elf-as
configure:3028: checking for nios2-elf-ar
configure:3055: result: /acct/mjonker/csce-313-embedded-systems/project6/6_case_b/software/proj6b_bsp/newlib-build-tmp/build-newlib-stage-wrapper nios2-elf-ar
configure:3120: checking for nios2-elf-ranlib
configure:3147: result: /acct/mjonker/csce-313-embedded-systems/project6/6_case_b/software/proj6b_bsp/newlib-build-tmp/build-newlib-stage-wrapper nios2-elf-ranlib
configure:3212: checking for nios2-elf-readelf
configure:3239: result: nios2-elf-readelf
configure:3308: checking whether to enable maintainer-specific portions of Makefiles
configure:3317: result: no
configure:3612: creating ./config.status

## ---------------------- ##
## Running config.status. ##
## ---------------------- ##

This file was extended by newlib config.status 2.2.0, which was
generated by GNU Autoconf 2.69.  Invocation command line was

  CONFIG_FILES    = 
  CONFIG_HEADERS  = 
  CONFIG_LINKS    = 
  CONFIG_COMMANDS = 
  $ ./config.status 

on cocsce-l3d22-08

config.status:809: creating Makefile
config.status:966: executing depfiles commands

## ---------------- ##
## Cache variables. ##
## ---------------- ##

ac_cv_build=x86_64-unknown-linux-gnu
ac_cv_c_compiler_gnu=yes
ac_cv_env_CCASFLAGS_set=
ac_cv_env_CCASFLAGS_value=
ac_cv_env_CCAS_set=
ac_cv_env_CCAS_value=
ac_cv_env_CC_set=set
ac_cv_env_CC_value='/acct/mjonker/csce-313-embedded-systems/project6/6_case_b/software/proj6b_bsp/newlib-build-tmp/build-newlib-stage-wrapper nios2-elf-gcc -B/acct/mjonker/csce-313-embedded-systems/project6/6_case_b/software/proj6b_bsp/newlib-build-tmp/normalc/nios2-elf/newlib/ -isystem /acct/mjonker/csce-313-embedded-systems/project6/6_case_b/software/proj6b_bsp/newlib-build-tmp/normalc/nios2-elf/newlib/targ-include -isystem /usr/local/3rdparty/altera/18.1/nios2eds/bin/gnu/src/newlib-2.2/newlib/libc/include -B/acct/mjonker/csce-313-embedded-systems/project6/6_case_b/software/proj6b_bsp/newlib-build-tmp/normalc/nios2-elf/libgloss/nios2 -L/acct/mjonker/csce-313-embedded-systems/project6/6_case_b/software/proj6b_bsp/newlib-build-tmp/normalc/nios2-elf/libgloss/libnosys -L/usr/local/3rdparty/altera/18.1/nios2eds/bin/gnu/src/newlib-2.2/libgloss/nios2   '
ac_cv_env_CFLAGS_set=set
ac_cv_env_CFLAGS_value='-g -O2 -mno-gpopt -ffunction-sections -fdata-sections -mno-gpopt'
ac_cv_env_CPPFLAGS_set=set
ac_cv_env_CPPFLAGS_value=
ac_cv_env_CPP_set=
ac_cv_env_CPP_value=
ac_cv_env_LDFLAGS_set=set
ac_cv_env_LDFLAGS_value=
ac_cv_env_LIBS_set=
ac_cv_env_LIBS_value=
ac_cv_env_build_alias_set=set
ac_cv_env_build_alias_value=x86_64-unknown-linux-gnu
ac_cv_env_host_alias_set=set
ac_cv_env_host_alias_value=nios2-elf
ac_cv_env_target_alias_set=set
ac_cv_env_target_alias_value=nios2-elf
ac_cv_host=nios2-unknown-elf
ac_cv_path_SED=/usr/bin/sed
ac_cv_path_install='/usr/bin/install -c'
ac_cv_path_mkdir=/usr/bin/mkdir
ac_cv_prog_AR='/acct/mjonker/csce-313-embedded-systems/project6/6_case_b/software/proj6b_bsp/newlib-build-tmp/build-newlib-stage-wrapper nios2-elf-ar'
ac_cv_prog_AS='/acct/mjonker/csce-313-embedded-systems/project6/6_case_b/software/proj6b_bsp/newlib-build-tmp/build-newlib-stage-wrapper nios2-elf-as'
ac_cv_prog_AWK=gawk
ac_cv_prog_CC='/acct/mjonker/csce-313-embedded-systems/project6/6_case_b/software/proj6b_bsp/newlib-build-tmp/build-newlib-stage-wrapper nios2-elf-gcc -B/acct/mjonker/csce-313-embedded-systems/project6/6_case_b/software/proj6b_bsp/newlib-build-tmp/normalc/nios2-elf/newlib/ -isystem /acct/mjonker/csce-313-embedded-systems/project6/6_case_b/software/proj6b_bsp/newlib-build-tmp/normalc/nios2-elf/newlib/targ-include -isystem /usr/local/3rdparty/altera/18.1/nios2eds/bin/gnu/src/newlib-2.2/newlib/libc/include -B/acct/mjonker/csce-313-embedded-systems/project6/6_case_b/software/proj6b_bsp/newlib-build-tmp/normalc/nios2-elf/libgloss/nios2 -L/acct/mjonker/csce-313-embedded-systems/project6/6_case_b/software/proj6b_bsp/newlib-build-tmp/normalc/nios2-elf/libgloss/libnosys -L/usr/local/3rdparty/altera/18.1/nios2eds/bin/gnu/src/newlib-2.2/libgloss/nios2   '
ac_cv_prog_RANLIB='/acct/mjonker/csce-313-embedded-systems/project6/6_case_b/software/proj6b_bsp/newlib-build-tmp/build-newlib-stage-wrapper nios2-elf-ranlib'
ac_cv_prog_READELF=nios2-elf-readelf
ac_cv_prog_STRIP=nios2-elf-strip
ac_cv_prog_cc_g=no
ac_cv_prog_make_make_set=yes
acnewlib_cv_type_long_double=yes
am_cv_CC_dependencies_compiler_type=gcc3
libc_cv_cc_loop_to_function=yes
libc_cv_initfinit_array=no
newlib_cv_ldbl_eq_dbl=yes
newlib_cv_uintptr_eq_ulong=no
newlib_cv_uintptr_eq_ulonglong=no

## ----------------- ##
## Output variables. ##
## ----------------- ##

ACLOCAL='${SHELL} /usr/local/3rdparty/altera/18.1/nios2eds/bin/gnu/src/newlib-2.2/missing --run aclocal-1.11'
AMDEPBACKSLASH='\'
AMDEP_FALSE='#'
AMDEP_TRUE=''
AMTAR='$${TAR-tar}'
AR='/acct/mjonker/csce-313-embedded-systems/project6/6_case_b/software/proj6b_bsp/newlib-build-tmp/build-newlib-stage-wrapper nios2-elf-ar'
AS='/acct/mjonker/csce-313-embedded-systems/project6/6_case_b/software/proj6b_bsp/newlib-build-tmp/build-newlib-stage-wrapper nios2-elf-as'
AUTOCONF='${SHELL} /usr/local/3rdparty/altera/18.1/nios2eds/bin/gnu/src/newlib-2.2/missing --run autoconf'
AUTOHEADER='${SHELL} /usr/local/3rdparty/altera/18.1/nios2eds/bin/gnu/src/newlib-2.2/missing --run autoheader'
AUTOMAKE='${SHELL} /usr/local/3rdparty/altera/18.1/nios2eds/bin/gnu/src/newlib-2.2/missing --run automake-1.11'
AWK='gawk'
CC='/acct/mjonker/csce-313-embedded-systems/project6/6_case_b/software/proj6b_bsp/newlib-build-tmp/build-newlib-stage-wrapper nios2-elf-gcc -B/acct/mjonker/csce-313-embedded-systems/project6/6_case_b/software/proj6b_bsp/newlib-build-tmp/normalc/nios2-elf/newlib/ -isystem /acct/mjonker/csce-313-embedded-systems/project6/6_case_b/software/proj6b_bsp/newlib-build-tmp/normalc/nios2-elf/newlib/targ-include -isystem /usr/local/3rdparty/altera/18.1/nios2eds/bin/gnu/src/newlib-2.2/newlib/libc/include -B/acct/mjonker/csce-313-embedded-systems/project6/6_case_b/software/proj6b_bsp/newlib-build-tmp/normalc/nios2-elf/libgloss/nios2 -L/acct/mjonker/csce-313-embedded-systems/project6/6_case_b/software/proj6b_bsp/newlib-build-tmp/normalc/nios2-elf/libgloss/libnosys -L/usr/local/3rdparty/altera/18.1/nios2eds/bin/gnu/src/newlib-2.2/libgloss/nios2   '
CCAS='/acct/mjonker/csce-313-embedded-systems/project6/6_case_b/software/proj6b_bsp/newlib-build-tmp/build-newlib-stage-wrapper nios2-elf-gcc -B/acct/mjonker/csce-313-embedded-systems/project6/6_case_b/software/proj6b_bsp/newlib-build-tmp/normalc/nios2-elf/newlib/ -isystem /acct/mjonker/csce-313-embedded-systems/project6/6_case_b/software/proj6b_bsp/newlib-build-tmp/normalc/nios2-elf/newlib/targ-include -isystem /usr/local/3rdparty/altera/18.1/nios2eds/bin/gnu/src/newlib-2.2/newlib/libc/include -B/acct/mjonker/csce-313-embedded-systems/project6/6_case_b/software/proj6b_bsp/newlib-build-tmp/normalc/nios2-elf/libgloss/nios2 -L/acct/mjonker/csce-313-embedded-systems/project6/6_case_b/software/proj6b_bsp/newlib-build-tmp/normalc/nios2-elf/libgloss/libnosys -L/usr/local/3rdparty/altera/18.1/nios2eds/bin/gnu/src/newlib-2.2/libgloss/nios2   '
CCASFLAGS='-g -O2 -mno-gpopt -ffunction-sections -fdata-sections -mno-gpopt'
CCDEPMODE='depmode=gcc3'
CYGPATH_W='echo'
DEFS='-DPACKAGE_NAME=\"newlib\" -DPACKAGE_TARNAME=\"newlib\" -DPACKAGE_VERSION=\"2.2.0\" -DPACKAGE_STRING=\"newlib\ 2.2.0\" -DPACKAGE_BUGREPORT=\"\" -DPACKAGE_URL=\"\"'
DEPDIR='.deps'
ECHO_C=''
ECHO_N='-n'
ECHO_T=''
ELIX_LEVEL_0_FALSE='#'
ELIX_LEVEL_0_TRUE=''
ELIX_LEVEL_1_FALSE=''
ELIX_LEVEL_1_TRUE='#'
ELIX_LEVEL_2_FALSE=''
ELIX_LEVEL_2_TRUE='#'
ELIX_LEVEL_3_FALSE=''
ELIX_LEVEL_3_TRUE='#'
ELIX_LEVEL_4_FALSE=''
ELIX_LEVEL_4_TRUE='#'
INSTALL_DATA='${INSTALL} -m 644'
INSTALL_PROGRAM='${INSTALL}'
INSTALL_SCRIPT='${INSTALL}'
INSTALL_STRIP_PROGRAM='$(install_sh) -c -s'
LDFLAGS=''
LIBOBJS=''
LIBS=''
LTLIBOBJS=''
MAINT='#'
MAINTAINER_MODE_FALSE=''
MAINTAINER_MODE_TRUE='#'
MAKEINFO='makeinfo'
MAY_SUPPLY_SYSCALLS_FALSE='#'
MAY_SUPPLY_SYSCALLS_TRUE=''
MKDIR_P='/usr/bin/mkdir -p'
NEWLIB_CFLAGS=' -O2 -DHAVE_GETTIMEOFDAY  -DHAVE_RENAME -DWANT_PRINTF_LONG_LONG -DMALLOC_LOCK_PROVIDED -DMALLOC_LOCK=__malloc_lock -DMALLOC_UNLOCK=__malloc_unlock -DENV_LOCK_PROVIDED -DENV_LOCK=__env_lock -DENV_UNLOCK=__env_unlock -DHAVE_RENAME -DMISSING_SYSCALL_NAMES -fno-builtin'
NO_INCLUDE_LIST=' rpc/types.h rpc/xdr.h'
OBJEXT='o'
PACKAGE='newlib'
PACKAGE_BUGREPORT=''
PACKAGE_NAME='newlib'
PACKAGE_STRING='newlib 2.2.0'
PACKAGE_TARNAME='newlib'
PACKAGE_URL=''
PACKAGE_VERSION='2.2.0'
PATH_SEPARATOR=':'
RANLIB='/acct/mjonker/csce-313-embedded-systems/project6/6_case_b/software/proj6b_bsp/newlib-build-tmp/build-newlib-stage-wrapper nios2-elf-ranlib'
READELF='nios2-elf-readelf'
SET_MAKE=''
SHELL='/bin/bash'
STRIP='nios2-elf-strip'
USE_LIBTOOL_FALSE=''
USE_LIBTOOL_TRUE='#'
VERSION='2.2.0'
aext='a'
am__fastdepCC_FALSE='#'
am__fastdepCC_TRUE=''
am__include='include'
am__isrc=' -I$(srcdir)'
am__leading_dot='.'
am__nodep='_no'
am__quote=''
am__tar='$${TAR-tar} chof - "$$tardir"'
am__untar='$${TAR-tar} xf -'
bindir='${exec_prefix}/bin'
build='x86_64-unknown-linux-gnu'
build_alias='x86_64-unknown-linux-gnu'
build_cpu='x86_64'
build_os='linux-gnu'
build_vendor='unknown'
datadir='${datarootdir}'
datarootdir='${prefix}/share'
docdir='${datarootdir}/doc/${PACKAGE_TARNAME}'
dvidir='${docdir}'
exec_prefix='${prefix}'
host='nios2-unknown-elf'
host_alias='nios2-elf'
host_cpu='nios2'
host_os='elf'
host_vendor='unknown'
htmldir='${docdir}'
includedir='${prefix}/include'
infodir='${datarootdir}/info'
install_sh='${SHELL} /usr/local/3rdparty/altera/18.1/nios2eds/bin/gnu/src/newlib-2.2/install-sh'
libdir='${exec_prefix}/lib'
libexecdir='${exec_prefix}/libexec'
libm_machine_dir=''
localedir='${datarootdir}/locale'
localstatedir='${prefix}/var'
lpfx='lib_a-'
machine_dir='nios2'
mandir='${datarootdir}/man'
mkdir_p='/usr/bin/mkdir -p'
newlib_basedir='/usr/local/3rdparty/altera/18.1/nios2eds/bin/gnu/src/newlib-2.2/newlib/libc/machine/nios2/../../..'
oext='o'
oldincludedir='/usr/include'
pdfdir='${docdir}'
prefix='/acct/mjonker/csce-313-embedded-systems/project6/6_case_b/software/proj6b_bsp/newlib'
program_transform_name='s&^&nios2-elf-&'
psdir='${docdir}'
sbindir='${exec_prefix}/sbin'
sharedstatedir='${prefix}/com'
sys_dir=''
sysconfdir='${prefix}/etc'
target_alias='nios2-elf'

## ----------- ##
## confdefs.h. ##
## ----------- ##

/* confdefs.h */
#define PACKAGE_NAME "newlib"
#define PACKAGE_TARNAME "newlib"
#define PACKAGE_VERSION "2.2.0"
#define PACKAGE_STRING "newlib 2.2.0"
#define PACKAGE_BUGREPORT ""
#define PACKAGE_URL ""

configure: exit 0
