This file contains any messages produced by compilers while
running configure, to aid debugging if configure makes a mistake.

It was created by configure, which was
generated by GNU Autoconf 2.63.  Invocation command line was

  $ /usr/local/3rdparty/altera/18.1/nios2eds/bin/gnu/src/newlib-2.2/libgloss/nios2/configure --disable-option-checking --prefix=/acct/mjonker/csce-313-embedded-systems/project6/6_case_b/software/p6_partb_bsp/newlib --with-newlib --with-cross-host=x86_64-unknown-linux-gnu --enable-multilib --enable-newlib-nano-malloc --program-transform-name=s&^&nios2-elf-& --with-target-subdir=nios2-elf --build=x86_64-unknown-linux-gnu --host=nios2-elf --target=nios2-elf build_alias=x86_64-unknown-linux-gnu host_alias=nios2-elf target_alias=nios2-elf --cache-file=.././config.cache --srcdir=/usr/local/3rdparty/altera/18.1/nios2eds/bin/gnu/src/newlib-2.2/libgloss/nios2

## --------- ##
## Platform. ##
## --------- ##

hostname = cocsce-l3d22-12
uname -m = x86_64
uname -r = 5.14.0-1055-oem
uname -s = Linux
uname -v = #62-Ubuntu SMP Wed Nov 30 04:54:03 UTC 2022

/usr/bin/uname -p = x86_64
/bin/uname -X     = unknown

/bin/arch              = x86_64
/usr/bin/arch -k       = unknown
/usr/convex/getsysinfo = unknown
/usr/bin/hostinfo      = unknown
/bin/machine           = unknown
/usr/bin/oslevel       = unknown
/bin/universe          = unknown

PATH: /usr/local/3rdparty/altera/18.1/nios2eds/bin/gnu/H-x86_64-pc-linux-gnu/bin
PATH: /usr/local/3rdparty/altera/18.1/nios2eds/sdk2/bin
PATH: /usr/local/3rdparty/altera/18.1/nios2eds/bin
PATH: /usr/local/3rdparty/altera/18.1/quartus/linux64
PATH: /usr/local/3rdparty/mentor/questasim/questasim/bin
PATH: /usr/local/3rdparty/altera/18.1/quartus/../nios2eds/sdk2/bin
PATH: /usr/local/3rdparty/altera/18.1/quartus/../nios2eds/bin
PATH: /usr/local/3rdparty/altera/18.1/quartus/../nios2eds/bin/gnu/H-x86_64-pc-linux-gnu/bin
PATH: /usr/local/3rdparty/altera/18.1/quartus/linux64
PATH: /usr/local/3rdparty/smlnj/bin
PATH: /usr/lib/oracle/12.1/client64/bin
PATH: /usr/bin
PATH: /acct/mjonker/.local/bin
PATH: /acct/mjonker/bin
PATH: /usr/local/sbin
PATH: /usr/local/bin
PATH: /usr/sbin
PATH: /usr/bin
PATH: /sbin
PATH: /bin
PATH: /usr/games
PATH: /usr/local/games
PATH: /snap/bin
PATH: /usr/local/3rdparty/simplescalar/bin
PATH: /usr/local/3rdparty/simplescalar/simplesim-3.0
PATH: /usr/local/3rdparty/gradle-3.3/bin
PATH: /usr/local/3rdparty/android-studio/bin
PATH: /usr/local/3rdparty/intelliJ-2018.1/bin
PATH: /usr/local/3rdparty/jetbrains/pycharm/pycharm-community-2020.3.3/bin
PATH: /usr/local/3rdparty/webstorm-2018.1/bin
PATH: /usr/local/3rdparty/ParaView-5.6.0-MPI-Linux-64bit/bin
PATH: /usr/local/3rdparty/gem5/build/X86
PATH: /usr/local/3rdparty/gem5/build/RISCV
PATH: /usr/local/3rdparty/synopsys/cscope64/P-2019.06/ai_bin
PATH: /usr/local/3rdparty/synopsys/hspice/P-2019.06-SP1/hspice/bin
PATH: /usr/local/3rdparty/synopsys/pts/P-2019.03-SP5/bin
PATH: /usr/local/3rdparty/synopsys/pwr/P-2019.03-SP5/bin
PATH: /usr/local/3rdparty/synopsys/syn/P-2019.03-SP5/bin
PATH: /usr/local/3rdparty/synopsys/icc/R-2020.09-SP3/bin
PATH: /usr/local/3rdparty/synopsys/icc2/R-2020.09-SP3/bin
PATH: /usr/local/3rdparty/synopsys/fm/R-2020.09-SP3/bin
PATH: /usr/local/3rdparty/synopsys/customcompiler/Q-2020.03-SP2-4/bin
PATH: /usr/local/3rdparty/synopsys/vcs/P-2019.06-SP2-11/bin
PATH: /usr/local/3rdparty/cabal/bin


## ----------- ##
## Core tests. ##
## ----------- ##

configure:1653: loading cache .././config.cache
configure:1803: checking build system type
configure:1821: result: x86_64-unknown-linux-gnu
configure:1843: checking host system type
configure:1858: result: nios2-unknown-elf
configure:1880: checking target system type
configure:1895: result: nios2-unknown-elf
configure:1948: checking for a BSD-compatible install
configure:2016: result: /usr/bin/install -c
configure:2098: checking for .previous assembler directive
configure:2109: /acct/mjonker/csce-313-embedded-systems/project6/6_case_b/software/p6_partb_bsp/newlib-build-tmp/build-newlib-stage-wrapper nios2-elf-gcc -B/acct/mjonker/csce-313-embedded-systems/project6/6_case_b/software/p6_partb_bsp/newlib-build-tmp/smallc/nios2-elf/newlib/ -isystem /acct/mjonker/csce-313-embedded-systems/project6/6_case_b/software/p6_partb_bsp/newlib-build-tmp/smallc/nios2-elf/newlib/targ-include -isystem /usr/local/3rdparty/altera/18.1/nios2eds/bin/gnu/src/newlib-2.2/newlib/libc/include -B/acct/mjonker/csce-313-embedded-systems/project6/6_case_b/software/p6_partb_bsp/newlib-build-tmp/smallc/nios2-elf/libgloss/nios2 -L/acct/mjonker/csce-313-embedded-systems/project6/6_case_b/software/p6_partb_bsp/newlib-build-tmp/smallc/nios2-elf/libgloss/libnosys -L/usr/local/3rdparty/altera/18.1/nios2eds/bin/gnu/src/newlib-2.2/libgloss/nios2    -c  conftest.s 1>&5
configure:2112: $? = 0
configure:2118: result: yes
configure:2128: checking for .popsection assembler directive
configure:2139: /acct/mjonker/csce-313-embedded-systems/project6/6_case_b/software/p6_partb_bsp/newlib-build-tmp/build-newlib-stage-wrapper nios2-elf-gcc -B/acct/mjonker/csce-313-embedded-systems/project6/6_case_b/software/p6_partb_bsp/newlib-build-tmp/smallc/nios2-elf/newlib/ -isystem /acct/mjonker/csce-313-embedded-systems/project6/6_case_b/software/p6_partb_bsp/newlib-build-tmp/smallc/nios2-elf/newlib/targ-include -isystem /usr/local/3rdparty/altera/18.1/nios2eds/bin/gnu/src/newlib-2.2/newlib/libc/include -B/acct/mjonker/csce-313-embedded-systems/project6/6_case_b/software/p6_partb_bsp/newlib-build-tmp/smallc/nios2-elf/libgloss/nios2 -L/acct/mjonker/csce-313-embedded-systems/project6/6_case_b/software/p6_partb_bsp/newlib-build-tmp/smallc/nios2-elf/libgloss/libnosys -L/usr/local/3rdparty/altera/18.1/nios2eds/bin/gnu/src/newlib-2.2/libgloss/nios2    -c  conftest.s 1>&5
configure:2142: $? = 0
configure:2148: result: yes
configure:2158: checking for section attributes
configure:2169: /acct/mjonker/csce-313-embedded-systems/project6/6_case_b/software/p6_partb_bsp/newlib-build-tmp/build-newlib-stage-wrapper nios2-elf-gcc -B/acct/mjonker/csce-313-embedded-systems/project6/6_case_b/software/p6_partb_bsp/newlib-build-tmp/smallc/nios2-elf/newlib/ -isystem /acct/mjonker/csce-313-embedded-systems/project6/6_case_b/software/p6_partb_bsp/newlib-build-tmp/smallc/nios2-elf/newlib/targ-include -isystem /usr/local/3rdparty/altera/18.1/nios2eds/bin/gnu/src/newlib-2.2/newlib/libc/include -B/acct/mjonker/csce-313-embedded-systems/project6/6_case_b/software/p6_partb_bsp/newlib-build-tmp/smallc/nios2-elf/libgloss/nios2 -L/acct/mjonker/csce-313-embedded-systems/project6/6_case_b/software/p6_partb_bsp/newlib-build-tmp/smallc/nios2-elf/libgloss/libnosys -L/usr/local/3rdparty/altera/18.1/nios2eds/bin/gnu/src/newlib-2.2/libgloss/nios2    -c  conftest.c 1>&5
configure:2172: $? = 0
configure:2178: result: yes
configure:2189: checking for symbol prefix
configure:2199: /acct/mjonker/csce-313-embedded-systems/project6/6_case_b/software/p6_partb_bsp/newlib-build-tmp/build-newlib-stage-wrapper nios2-elf-gcc -B/acct/mjonker/csce-313-embedded-systems/project6/6_case_b/software/p6_partb_bsp/newlib-build-tmp/smallc/nios2-elf/newlib/ -isystem /acct/mjonker/csce-313-embedded-systems/project6/6_case_b/software/p6_partb_bsp/newlib-build-tmp/smallc/nios2-elf/newlib/targ-include -isystem /usr/local/3rdparty/altera/18.1/nios2eds/bin/gnu/src/newlib-2.2/newlib/libc/include -B/acct/mjonker/csce-313-embedded-systems/project6/6_case_b/software/p6_partb_bsp/newlib-build-tmp/smallc/nios2-elf/libgloss/nios2 -L/acct/mjonker/csce-313-embedded-systems/project6/6_case_b/software/p6_partb_bsp/newlib-build-tmp/smallc/nios2-elf/libgloss/libnosys -L/usr/local/3rdparty/altera/18.1/nios2eds/bin/gnu/src/newlib-2.2/libgloss/nios2    -S conftest.c -o - | fgrep $foo > /dev/null
conftest.c:1:1: warning: return type defaults to 'int' [-Wimplicit-int]
 foo () { }
 ^
conftest.c: In function 'foo':
conftest.c:1:1: warning: control reaches end of non-void function [-Wreturn-type]
 foo () { }
 ^
configure:2202: $? = 1
configure:2208: /acct/mjonker/csce-313-embedded-systems/project6/6_case_b/software/p6_partb_bsp/newlib-build-tmp/build-newlib-stage-wrapper nios2-elf-gcc -B/acct/mjonker/csce-313-embedded-systems/project6/6_case_b/software/p6_partb_bsp/newlib-build-tmp/smallc/nios2-elf/newlib/ -isystem /acct/mjonker/csce-313-embedded-systems/project6/6_case_b/software/p6_partb_bsp/newlib-build-tmp/smallc/nios2-elf/newlib/targ-include -isystem /usr/local/3rdparty/altera/18.1/nios2eds/bin/gnu/src/newlib-2.2/newlib/libc/include -B/acct/mjonker/csce-313-embedded-systems/project6/6_case_b/software/p6_partb_bsp/newlib-build-tmp/smallc/nios2-elf/libgloss/nios2 -L/acct/mjonker/csce-313-embedded-systems/project6/6_case_b/software/p6_partb_bsp/newlib-build-tmp/smallc/nios2-elf/libgloss/libnosys -L/usr/local/3rdparty/altera/18.1/nios2eds/bin/gnu/src/newlib-2.2/libgloss/nios2    -S conftest.c -o - | fgrep _foo > /dev/null
conftest.c:1:1: warning: return type defaults to 'int' [-Wimplicit-int]
 foo () { }
 ^
conftest.c: In function 'foo':
conftest.c:1:1: warning: control reaches end of non-void function [-Wreturn-type]
 foo () { }
 ^
configure:2211: $? = 1
configure:2219: result: none
configure:2254: checking for style of include used by make
configure:2282: result: GNU
configure:2309: checking for gcc
configure:2336: result: /acct/mjonker/csce-313-embedded-systems/project6/6_case_b/software/p6_partb_bsp/newlib-build-tmp/build-newlib-stage-wrapper nios2-elf-gcc -B/acct/mjonker/csce-313-embedded-systems/project6/6_case_b/software/p6_partb_bsp/newlib-build-tmp/smallc/nios2-elf/newlib/ -isystem /acct/mjonker/csce-313-embedded-systems/project6/6_case_b/software/p6_partb_bsp/newlib-build-tmp/smallc/nios2-elf/newlib/targ-include -isystem /usr/local/3rdparty/altera/18.1/nios2eds/bin/gnu/src/newlib-2.2/newlib/libc/include -B/acct/mjonker/csce-313-embedded-systems/project6/6_case_b/software/p6_partb_bsp/newlib-build-tmp/smallc/nios2-elf/libgloss/nios2 -L/acct/mjonker/csce-313-embedded-systems/project6/6_case_b/software/p6_partb_bsp/newlib-build-tmp/smallc/nios2-elf/libgloss/libnosys -L/usr/local/3rdparty/altera/18.1/nios2eds/bin/gnu/src/newlib-2.2/libgloss/nios2   
configure:2347: checking dependency style of /acct/mjonker/csce-313-embedded-systems/project6/6_case_b/software/p6_partb_bsp/newlib-build-tmp/build-newlib-stage-wrapper nios2-elf-gcc -B/acct/mjonker/csce-313-embedded-systems/project6/6_case_b/software/p6_partb_bsp/newlib-build-tmp/smallc/nios2-elf/newlib/ -isystem /acct/mjonker/csce-313-embedded-systems/project6/6_case_b/software/p6_partb_bsp/newlib-build-tmp/smallc/nios2-elf/newlib/targ-include -isystem /usr/local/3rdparty/altera/18.1/nios2eds/bin/gnu/src/newlib-2.2/newlib/libc/include -B/acct/mjonker/csce-313-embedded-systems/project6/6_case_b/software/p6_partb_bsp/newlib-build-tmp/smallc/nios2-elf/libgloss/nios2 -L/acct/mjonker/csce-313-embedded-systems/project6/6_case_b/software/p6_partb_bsp/newlib-build-tmp/smallc/nios2-elf/libgloss/libnosys -L/usr/local/3rdparty/altera/18.1/nios2eds/bin/gnu/src/newlib-2.2/libgloss/nios2   
configure:2437: result: gcc3
configure:2514: checking whether we are using GNU C
configure:2535: result: yes
configure:2545: checking whether /acct/mjonker/csce-313-embedded-systems/project6/6_case_b/software/p6_partb_bsp/newlib-build-tmp/build-newlib-stage-wrapper nios2-elf-gcc -B/acct/mjonker/csce-313-embedded-systems/project6/6_case_b/software/p6_partb_bsp/newlib-build-tmp/smallc/nios2-elf/newlib/ -isystem /acct/mjonker/csce-313-embedded-systems/project6/6_case_b/software/p6_partb_bsp/newlib-build-tmp/smallc/nios2-elf/newlib/targ-include -isystem /usr/local/3rdparty/altera/18.1/nios2eds/bin/gnu/src/newlib-2.2/newlib/libc/include -B/acct/mjonker/csce-313-embedded-systems/project6/6_case_b/software/p6_partb_bsp/newlib-build-tmp/smallc/nios2-elf/libgloss/nios2 -L/acct/mjonker/csce-313-embedded-systems/project6/6_case_b/software/p6_partb_bsp/newlib-build-tmp/smallc/nios2-elf/libgloss/libnosys -L/usr/local/3rdparty/altera/18.1/nios2eds/bin/gnu/src/newlib-2.2/libgloss/nios2    accepts -g
configure:2683: result: no
configure:2721: checking for nios2-elf-ranlib
configure:2748: result: /acct/mjonker/csce-313-embedded-systems/project6/6_case_b/software/p6_partb_bsp/newlib-build-tmp/build-newlib-stage-wrapper nios2-elf-ranlib
configure:2883: updating cache .././config.cache
configure:2934: creating ./config.status

## ---------------------- ##
## Running config.status. ##
## ---------------------- ##

This file was extended by config.status, which was
generated by GNU Autoconf 2.63.  Invocation command line was

  CONFIG_FILES    = 
  CONFIG_HEADERS  = 
  CONFIG_LINKS    = 
  CONFIG_COMMANDS = 
  $ ./config.status 

on cocsce-l3d22-12

config.status:798: creating Makefile
config.status:798: creating config.h
config.status:1030: executing depfiles commands

## ---------------- ##
## Cache variables. ##
## ---------------- ##

ac_cv_build=x86_64-unknown-linux-gnu
ac_cv_c_compiler_gnu=yes
ac_cv_env_CCASFLAGS_set=
ac_cv_env_CCASFLAGS_value=
ac_cv_env_CCAS_set=
ac_cv_env_CCAS_value=
ac_cv_env_build_alias_set=set
ac_cv_env_build_alias_value=x86_64-unknown-linux-gnu
ac_cv_env_host_alias_set=set
ac_cv_env_host_alias_value=nios2-elf
ac_cv_env_target_alias_set=set
ac_cv_env_target_alias_value=nios2-elf
ac_cv_host=nios2-unknown-elf
ac_cv_path_install='/usr/bin/install -c'
ac_cv_prog_AR='/acct/mjonker/csce-313-embedded-systems/project6/6_case_b/software/p6_partb_bsp/newlib-build-tmp/build-newlib-stage-wrapper nios2-elf-ar'
ac_cv_prog_AWK=gawk
ac_cv_prog_CC='/acct/mjonker/csce-313-embedded-systems/project6/6_case_b/software/p6_partb_bsp/newlib-build-tmp/build-newlib-stage-wrapper nios2-elf-gcc -B/acct/mjonker/csce-313-embedded-systems/project6/6_case_b/software/p6_partb_bsp/newlib-build-tmp/smallc/nios2-elf/newlib/ -isystem /acct/mjonker/csce-313-embedded-systems/project6/6_case_b/software/p6_partb_bsp/newlib-build-tmp/smallc/nios2-elf/newlib/targ-include -isystem /usr/local/3rdparty/altera/18.1/nios2eds/bin/gnu/src/newlib-2.2/newlib/libc/include -B/acct/mjonker/csce-313-embedded-systems/project6/6_case_b/software/p6_partb_bsp/newlib-build-tmp/smallc/nios2-elf/libgloss/nios2 -L/acct/mjonker/csce-313-embedded-systems/project6/6_case_b/software/p6_partb_bsp/newlib-build-tmp/smallc/nios2-elf/libgloss/libnosys -L/usr/local/3rdparty/altera/18.1/nios2eds/bin/gnu/src/newlib-2.2/libgloss/nios2   '
ac_cv_prog_RANLIB='/acct/mjonker/csce-313-embedded-systems/project6/6_case_b/software/p6_partb_bsp/newlib-build-tmp/build-newlib-stage-wrapper nios2-elf-ranlib'
ac_cv_prog_STRIP=nios2-elf-strip
ac_cv_prog_cc_g=no
ac_cv_prog_make_make_set=yes
ac_cv_target=nios2-unknown-elf
am_cv_CC_dependencies_compiler_type=gcc3
libc_cv_asm_popsection_directive=yes
libc_cv_asm_previous_directive=yes
libc_cv_initfinit_array=yes
libc_cv_section_attributes=yes

## ----------------- ##
## Output variables. ##
## ----------------- ##

AMDEPBACKSLASH='\'
AMDEP_FALSE='#'
AMDEP_TRUE=''
AR='/acct/mjonker/csce-313-embedded-systems/project6/6_case_b/software/p6_partb_bsp/newlib-build-tmp/build-newlib-stage-wrapper nios2-elf-ar'
AS='/acct/mjonker/csce-313-embedded-systems/project6/6_case_b/software/p6_partb_bsp/newlib-build-tmp/build-newlib-stage-wrapper nios2-elf-as'
CC='/acct/mjonker/csce-313-embedded-systems/project6/6_case_b/software/p6_partb_bsp/newlib-build-tmp/build-newlib-stage-wrapper nios2-elf-gcc -B/acct/mjonker/csce-313-embedded-systems/project6/6_case_b/software/p6_partb_bsp/newlib-build-tmp/smallc/nios2-elf/newlib/ -isystem /acct/mjonker/csce-313-embedded-systems/project6/6_case_b/software/p6_partb_bsp/newlib-build-tmp/smallc/nios2-elf/newlib/targ-include -isystem /usr/local/3rdparty/altera/18.1/nios2eds/bin/gnu/src/newlib-2.2/newlib/libc/include -B/acct/mjonker/csce-313-embedded-systems/project6/6_case_b/software/p6_partb_bsp/newlib-build-tmp/smallc/nios2-elf/libgloss/nios2 -L/acct/mjonker/csce-313-embedded-systems/project6/6_case_b/software/p6_partb_bsp/newlib-build-tmp/smallc/nios2-elf/libgloss/libnosys -L/usr/local/3rdparty/altera/18.1/nios2eds/bin/gnu/src/newlib-2.2/libgloss/nios2   '
CCAS='/acct/mjonker/csce-313-embedded-systems/project6/6_case_b/software/p6_partb_bsp/newlib-build-tmp/build-newlib-stage-wrapper nios2-elf-gcc -B/acct/mjonker/csce-313-embedded-systems/project6/6_case_b/software/p6_partb_bsp/newlib-build-tmp/smallc/nios2-elf/newlib/ -isystem /acct/mjonker/csce-313-embedded-systems/project6/6_case_b/software/p6_partb_bsp/newlib-build-tmp/smallc/nios2-elf/newlib/targ-include -isystem /usr/local/3rdparty/altera/18.1/nios2eds/bin/gnu/src/newlib-2.2/newlib/libc/include -B/acct/mjonker/csce-313-embedded-systems/project6/6_case_b/software/p6_partb_bsp/newlib-build-tmp/smallc/nios2-elf/libgloss/nios2 -L/acct/mjonker/csce-313-embedded-systems/project6/6_case_b/software/p6_partb_bsp/newlib-build-tmp/smallc/nios2-elf/libgloss/libnosys -L/usr/local/3rdparty/altera/18.1/nios2eds/bin/gnu/src/newlib-2.2/libgloss/nios2   '
CCASFLAGS=''
CCDEPMODE='depmode=gcc3'
DEFS='-DHAVE_CONFIG_H'
DEPDIR='.deps'
ECHO_C=''
ECHO_N='-n'
ECHO_T=''
INSTALL_DATA='${INSTALL} -m 644'
INSTALL_PROGRAM='${INSTALL}'
INSTALL_SCRIPT='${INSTALL}'
LD='nios2-elf-ld'
LIBOBJS=''
LIBS=''
LTLIBOBJS=''
PACKAGE_BUGREPORT=''
PACKAGE_NAME=''
PACKAGE_STRING=''
PACKAGE_TARNAME=''
PACKAGE_VERSION=''
PATH_SEPARATOR=':'
RANLIB='/acct/mjonker/csce-313-embedded-systems/project6/6_case_b/software/p6_partb_bsp/newlib-build-tmp/build-newlib-stage-wrapper nios2-elf-ranlib'
SHELL='/bin/bash'
am__fastdepCC_FALSE='#'
am__fastdepCC_TRUE=''
am__include='include'
am__leading_dot='.'
am__quote=''
bindir='${exec_prefix}/bin'
build='x86_64-unknown-linux-gnu'
build_alias='x86_64-unknown-linux-gnu'
build_cpu='x86_64'
build_os='linux-gnu'
build_vendor='unknown'
datadir='${datarootdir}'
datarootdir='${prefix}/share'
docdir='${datarootdir}/doc/${PACKAGE}'
dvidir='${docdir}'
exec_prefix='${prefix}'
host='nios2-unknown-elf'
host_alias='nios2-elf'
host_cpu='nios2'
host_makefile_frag_path='/usr/local/3rdparty/altera/18.1/nios2eds/bin/gnu/src/newlib-2.2/libgloss/nios2/../config/default.mh'
host_os='elf'
host_vendor='unknown'
htmldir='${docdir}'
includedir='${prefix}/include'
infodir='${datarootdir}/info'
libdir='${exec_prefix}/lib'
libexecdir='${exec_prefix}/libexec'
localedir='${datarootdir}/locale'
localstatedir='${prefix}/var'
mandir='${datarootdir}/man'
oldincludedir='/usr/include'
pdfdir='${docdir}'
prefix='/acct/mjonker/csce-313-embedded-systems/project6/6_case_b/software/p6_partb_bsp/newlib'
program_transform_name='s&^&nios2-elf-&'
psdir='${docdir}'
sbindir='${exec_prefix}/sbin'
sharedstatedir='${prefix}/com'
sysconfdir='${prefix}/etc'
target='nios2-unknown-elf'
target_alias='nios2-elf'
target_cpu='nios2'
target_os='elf'
target_vendor='unknown'

## ------------------- ##
## File substitutions. ##
## ------------------- ##

host_makefile_frag='/usr/local/3rdparty/altera/18.1/nios2eds/bin/gnu/src/newlib-2.2/libgloss/nios2/../config/default.mh'

## ----------- ##
## confdefs.h. ##
## ----------- ##

#define PACKAGE_NAME ""
#define PACKAGE_TARNAME ""
#define PACKAGE_VERSION ""
#define PACKAGE_STRING ""
#define PACKAGE_BUGREPORT ""
#define HAVE_GNU_LD 1
#define MISSING_SYSCALL_NAMES 1
#define HAVE_ELF 1
#define HAVE_ASM_PREVIOUS_DIRECTIVE 1
#define HAVE_ASM_POPSECTION_DIRECTIVE 1
#define HAVE_SECTION_ATTRIBUTES 1
#define __SYMBOL_PREFIX ""

configure: exit 0
