This file contains any messages produced by compilers while
running configure, to aid debugging if configure makes a mistake.

It was created by libgloss configure LIBGLOSS_VERSION, which was
generated by GNU Autoconf 2.68.  Invocation command line was

  $ /usr/local/3rdparty/altera/18.1/nios2eds/bin/gnu/src/newlib-2.2/libgloss/configure --cache-file=./config.cache --with-newlib --with-cross-host=x86_64-unknown-linux-gnu --enable-multilib --enable-newlib-nano-malloc --prefix=/acct/mjonker/csce-313-embedded-systems/project6/6_case_b/software/proj6b_bsp/newlib --program-transform-name=s&^&nios2-elf-& --disable-option-checking --with-target-subdir=nios2-elf --build=x86_64-unknown-linux-gnu --host=nios2-elf --target=nios2-elf --srcdir=/usr/local/3rdparty/altera/18.1/nios2eds/bin/gnu/src/newlib-2.2/libgloss

## --------- ##
## Platform. ##
## --------- ##

hostname = cocsce-l3d22-08
uname -m = x86_64
uname -r = 5.14.0-1055-oem
uname -s = Linux
uname -v = #62-Ubuntu SMP Wed Nov 30 04:54:03 UTC 2022

/usr/bin/uname -p = x86_64
/bin/uname -X     = unknown

/bin/arch              = x86_64
/usr/bin/arch -k       = unknown
/usr/convex/getsysinfo = unknown
/usr/bin/hostinfo      = unknown
/bin/machine           = unknown
/usr/bin/oslevel       = unknown
/bin/universe          = unknown

PATH: /usr/local/3rdparty/altera/18.1/nios2eds/bin/gnu/H-x86_64-pc-linux-gnu/bin
PATH: /usr/local/3rdparty/altera/18.1/nios2eds/sdk2/bin
PATH: /usr/local/3rdparty/altera/18.1/nios2eds/bin
PATH: /usr/local/3rdparty/altera/18.1/quartus/linux64
PATH: /usr/local/3rdparty/mentor/questasim/questasim/bin
PATH: /usr/local/3rdparty/altera/18.1/quartus/../nios2eds/sdk2/bin
PATH: /usr/local/3rdparty/altera/18.1/quartus/../nios2eds/bin
PATH: /usr/local/3rdparty/altera/18.1/quartus/../nios2eds/bin/gnu/H-x86_64-pc-linux-gnu/bin
PATH: /usr/local/3rdparty/altera/18.1/quartus/linux64
PATH: /usr/local/3rdparty/smlnj/bin
PATH: /usr/lib/oracle/12.1/client64/bin
PATH: /usr/bin
PATH: /acct/mjonker/.local/bin
PATH: /acct/mjonker/bin
PATH: /usr/local/sbin
PATH: /usr/local/bin
PATH: /usr/sbin
PATH: /usr/bin
PATH: /sbin
PATH: /bin
PATH: /usr/games
PATH: /usr/local/games
PATH: /snap/bin
PATH: /usr/local/3rdparty/simplescalar/bin
PATH: /usr/local/3rdparty/simplescalar/simplesim-3.0
PATH: /usr/local/3rdparty/gradle-3.3/bin
PATH: /usr/local/3rdparty/android-studio/bin
PATH: /usr/local/3rdparty/intelliJ-2018.1/bin
PATH: /usr/local/3rdparty/jetbrains/pycharm/pycharm-community-2020.3.3/bin
PATH: /usr/local/3rdparty/webstorm-2018.1/bin
PATH: /usr/local/3rdparty/ParaView-5.6.0-MPI-Linux-64bit/bin
PATH: /usr/local/3rdparty/gem5/build/X86
PATH: /usr/local/3rdparty/gem5/build/RISCV
PATH: /usr/local/3rdparty/synopsys/cscope64/P-2019.06/ai_bin
PATH: /usr/local/3rdparty/synopsys/hspice/P-2019.06-SP1/hspice/bin
PATH: /usr/local/3rdparty/synopsys/pts/P-2019.03-SP5/bin
PATH: /usr/local/3rdparty/synopsys/pwr/P-2019.03-SP5/bin
PATH: /usr/local/3rdparty/synopsys/syn/P-2019.03-SP5/bin
PATH: /usr/local/3rdparty/synopsys/icc/R-2020.09-SP3/bin
PATH: /usr/local/3rdparty/synopsys/icc2/R-2020.09-SP3/bin
PATH: /usr/local/3rdparty/synopsys/fm/R-2020.09-SP3/bin
PATH: /usr/local/3rdparty/synopsys/customcompiler/Q-2020.03-SP2-4/bin
PATH: /usr/local/3rdparty/synopsys/vcs/P-2019.06-SP2-11/bin
PATH: /usr/local/3rdparty/cabal/bin


## ----------- ##
## Core tests. ##
## ----------- ##

configure:1732: creating cache ./config.cache
configure:1864: checking for a BSD-compatible install
configure:1932: result: /usr/bin/install -c
configure:1948: checking build system type
configure:1962: result: x86_64-unknown-linux-gnu
configure:1982: checking host system type
configure:1995: result: nios2-unknown-elf
configure:2015: checking target system type
configure:2028: result: nios2-unknown-elf
configure:2056: checking whether build environment is sane
configure:2093: result: yes
configure:2155: checking for gawk
configure:2182: result: gawk
configure:2193: checking whether make sets $(MAKE)
configure:2215: result: yes
configure:2280: checking for nios2-elf-strip
configure:2307: result: nios2-elf-strip
configure:2590: checking for style of include used by make
configure:2618: result: GNU
configure:2645: checking for gcc
configure:2672: result: /acct/mjonker/csce-313-embedded-systems/project6/6_case_b/software/proj6b_bsp/newlib-build-tmp/build-newlib-stage-wrapper nios2-elf-gcc -B/acct/mjonker/csce-313-embedded-systems/project6/6_case_b/software/proj6b_bsp/newlib-build-tmp/smallc/nios2-elf/newlib/ -isystem /acct/mjonker/csce-313-embedded-systems/project6/6_case_b/software/proj6b_bsp/newlib-build-tmp/smallc/nios2-elf/newlib/targ-include -isystem /usr/local/3rdparty/altera/18.1/nios2eds/bin/gnu/src/newlib-2.2/newlib/libc/include -B/acct/mjonker/csce-313-embedded-systems/project6/6_case_b/software/proj6b_bsp/newlib-build-tmp/smallc/nios2-elf/libgloss/nios2 -L/acct/mjonker/csce-313-embedded-systems/project6/6_case_b/software/proj6b_bsp/newlib-build-tmp/smallc/nios2-elf/libgloss/libnosys -L/usr/local/3rdparty/altera/18.1/nios2eds/bin/gnu/src/newlib-2.2/libgloss/nios2   
configure:2683: checking dependency style of /acct/mjonker/csce-313-embedded-systems/project6/6_case_b/software/proj6b_bsp/newlib-build-tmp/build-newlib-stage-wrapper nios2-elf-gcc -B/acct/mjonker/csce-313-embedded-systems/project6/6_case_b/software/proj6b_bsp/newlib-build-tmp/smallc/nios2-elf/newlib/ -isystem /acct/mjonker/csce-313-embedded-systems/project6/6_case_b/software/proj6b_bsp/newlib-build-tmp/smallc/nios2-elf/newlib/targ-include -isystem /usr/local/3rdparty/altera/18.1/nios2eds/bin/gnu/src/newlib-2.2/newlib/libc/include -B/acct/mjonker/csce-313-embedded-systems/project6/6_case_b/software/proj6b_bsp/newlib-build-tmp/smallc/nios2-elf/libgloss/nios2 -L/acct/mjonker/csce-313-embedded-systems/project6/6_case_b/software/proj6b_bsp/newlib-build-tmp/smallc/nios2-elf/libgloss/libnosys -L/usr/local/3rdparty/altera/18.1/nios2eds/bin/gnu/src/newlib-2.2/libgloss/nios2   
configure:2773: result: gcc3
configure:2848: checking whether we are using GNU C
configure:2859: /acct/mjonker/csce-313-embedded-systems/project6/6_case_b/software/proj6b_bsp/newlib-build-tmp/build-newlib-stage-wrapper nios2-elf-gcc -B/acct/mjonker/csce-313-embedded-systems/project6/6_case_b/software/proj6b_bsp/newlib-build-tmp/smallc/nios2-elf/newlib/ -isystem /acct/mjonker/csce-313-embedded-systems/project6/6_case_b/software/proj6b_bsp/newlib-build-tmp/smallc/nios2-elf/newlib/targ-include -isystem /usr/local/3rdparty/altera/18.1/nios2eds/bin/gnu/src/newlib-2.2/newlib/libc/include -B/acct/mjonker/csce-313-embedded-systems/project6/6_case_b/software/proj6b_bsp/newlib-build-tmp/smallc/nios2-elf/libgloss/nios2 -L/acct/mjonker/csce-313-embedded-systems/project6/6_case_b/software/proj6b_bsp/newlib-build-tmp/smallc/nios2-elf/libgloss/libnosys -L/usr/local/3rdparty/altera/18.1/nios2eds/bin/gnu/src/newlib-2.2/libgloss/nios2    -E conftest.c
configure:2862: $? = 0
configure:2869: result: yes
configure:2879: checking whether /acct/mjonker/csce-313-embedded-systems/project6/6_case_b/software/proj6b_bsp/newlib-build-tmp/build-newlib-stage-wrapper nios2-elf-gcc -B/acct/mjonker/csce-313-embedded-systems/project6/6_case_b/software/proj6b_bsp/newlib-build-tmp/smallc/nios2-elf/newlib/ -isystem /acct/mjonker/csce-313-embedded-systems/project6/6_case_b/software/proj6b_bsp/newlib-build-tmp/smallc/nios2-elf/newlib/targ-include -isystem /usr/local/3rdparty/altera/18.1/nios2eds/bin/gnu/src/newlib-2.2/newlib/libc/include -B/acct/mjonker/csce-313-embedded-systems/project6/6_case_b/software/proj6b_bsp/newlib-build-tmp/smallc/nios2-elf/libgloss/nios2 -L/acct/mjonker/csce-313-embedded-systems/project6/6_case_b/software/proj6b_bsp/newlib-build-tmp/smallc/nios2-elf/libgloss/libnosys -L/usr/local/3rdparty/altera/18.1/nios2eds/bin/gnu/src/newlib-2.2/libgloss/nios2    accepts -g
configure:2899: /acct/mjonker/csce-313-embedded-systems/project6/6_case_b/software/proj6b_bsp/newlib-build-tmp/build-newlib-stage-wrapper nios2-elf-gcc -B/acct/mjonker/csce-313-embedded-systems/project6/6_case_b/software/proj6b_bsp/newlib-build-tmp/smallc/nios2-elf/newlib/ -isystem /acct/mjonker/csce-313-embedded-systems/project6/6_case_b/software/proj6b_bsp/newlib-build-tmp/smallc/nios2-elf/newlib/targ-include -isystem /usr/local/3rdparty/altera/18.1/nios2eds/bin/gnu/src/newlib-2.2/newlib/libc/include -B/acct/mjonker/csce-313-embedded-systems/project6/6_case_b/software/proj6b_bsp/newlib-build-tmp/smallc/nios2-elf/libgloss/nios2 -L/acct/mjonker/csce-313-embedded-systems/project6/6_case_b/software/proj6b_bsp/newlib-build-tmp/smallc/nios2-elf/libgloss/libnosys -L/usr/local/3rdparty/altera/18.1/nios2eds/bin/gnu/src/newlib-2.2/libgloss/nios2    -c -g  conftest.c >&5
configure:2899: $? = 0
configure: failed program was:
| /* confdefs.h */
| #define PACKAGE_NAME "libgloss"
| #define PACKAGE_TARNAME "libgloss"
| #define PACKAGE_VERSION "LIBGLOSS_VERSION"
| #define PACKAGE_STRING "libgloss LIBGLOSS_VERSION"
| #define PACKAGE_BUGREPORT ""
| #define PACKAGE_URL ""
| /* end confdefs.h.  */
| 
| int
| main ()
| {
| 
|   ;
|   return 0;
| }
configure:2914: /acct/mjonker/csce-313-embedded-systems/project6/6_case_b/software/proj6b_bsp/newlib-build-tmp/build-newlib-stage-wrapper nios2-elf-gcc -B/acct/mjonker/csce-313-embedded-systems/project6/6_case_b/software/proj6b_bsp/newlib-build-tmp/smallc/nios2-elf/newlib/ -isystem /acct/mjonker/csce-313-embedded-systems/project6/6_case_b/software/proj6b_bsp/newlib-build-tmp/smallc/nios2-elf/newlib/targ-include -isystem /usr/local/3rdparty/altera/18.1/nios2eds/bin/gnu/src/newlib-2.2/newlib/libc/include -B/acct/mjonker/csce-313-embedded-systems/project6/6_case_b/software/proj6b_bsp/newlib-build-tmp/smallc/nios2-elf/libgloss/nios2 -L/acct/mjonker/csce-313-embedded-systems/project6/6_case_b/software/proj6b_bsp/newlib-build-tmp/smallc/nios2-elf/libgloss/libnosys -L/usr/local/3rdparty/altera/18.1/nios2eds/bin/gnu/src/newlib-2.2/libgloss/nios2    -c   conftest.c >&5
configure:2914: $? = 0
configure: failed program was:
| /* confdefs.h */
| #define PACKAGE_NAME "libgloss"
| #define PACKAGE_TARNAME "libgloss"
| #define PACKAGE_VERSION "LIBGLOSS_VERSION"
| #define PACKAGE_STRING "libgloss LIBGLOSS_VERSION"
| #define PACKAGE_BUGREPORT ""
| #define PACKAGE_URL ""
| /* end confdefs.h.  */
| 
| int
| main ()
| {
| 
|   ;
|   return 0;
| }
configure:2930: /acct/mjonker/csce-313-embedded-systems/project6/6_case_b/software/proj6b_bsp/newlib-build-tmp/build-newlib-stage-wrapper nios2-elf-gcc -B/acct/mjonker/csce-313-embedded-systems/project6/6_case_b/software/proj6b_bsp/newlib-build-tmp/smallc/nios2-elf/newlib/ -isystem /acct/mjonker/csce-313-embedded-systems/project6/6_case_b/software/proj6b_bsp/newlib-build-tmp/smallc/nios2-elf/newlib/targ-include -isystem /usr/local/3rdparty/altera/18.1/nios2eds/bin/gnu/src/newlib-2.2/newlib/libc/include -B/acct/mjonker/csce-313-embedded-systems/project6/6_case_b/software/proj6b_bsp/newlib-build-tmp/smallc/nios2-elf/libgloss/nios2 -L/acct/mjonker/csce-313-embedded-systems/project6/6_case_b/software/proj6b_bsp/newlib-build-tmp/smallc/nios2-elf/libgloss/libnosys -L/usr/local/3rdparty/altera/18.1/nios2eds/bin/gnu/src/newlib-2.2/libgloss/nios2    -c -g  conftest.c >&5
configure:2930: $? = 0
configure: failed program was:
| /* confdefs.h */
| #define PACKAGE_NAME "libgloss"
| #define PACKAGE_TARNAME "libgloss"
| #define PACKAGE_VERSION "LIBGLOSS_VERSION"
| #define PACKAGE_STRING "libgloss LIBGLOSS_VERSION"
| #define PACKAGE_BUGREPORT ""
| #define PACKAGE_URL ""
| /* end confdefs.h.  */
| 
| int
| main ()
| {
| 
|   ;
|   return 0;
| }
configure:2940: result: no
configure:2973: checking for ar
configure:3001: result: /acct/mjonker/csce-313-embedded-systems/project6/6_case_b/software/proj6b_bsp/newlib-build-tmp/build-newlib-stage-wrapper nios2-elf-ar
configure:3016: checking for nios2-elf-ranlib
configure:3043: result: /acct/mjonker/csce-313-embedded-systems/project6/6_case_b/software/proj6b_bsp/newlib-build-tmp/build-newlib-stage-wrapper nios2-elf-ranlib
configure:3112: checking for .preinit_array/.init_array/.fini_array support
configure:3125: /acct/mjonker/csce-313-embedded-systems/project6/6_case_b/software/proj6b_bsp/newlib-build-tmp/build-newlib-stage-wrapper nios2-elf-gcc -B/acct/mjonker/csce-313-embedded-systems/project6/6_case_b/software/proj6b_bsp/newlib-build-tmp/smallc/nios2-elf/newlib/ -isystem /acct/mjonker/csce-313-embedded-systems/project6/6_case_b/software/proj6b_bsp/newlib-build-tmp/smallc/nios2-elf/newlib/targ-include -isystem /usr/local/3rdparty/altera/18.1/nios2eds/bin/gnu/src/newlib-2.2/newlib/libc/include -B/acct/mjonker/csce-313-embedded-systems/project6/6_case_b/software/proj6b_bsp/newlib-build-tmp/smallc/nios2-elf/libgloss/nios2 -L/acct/mjonker/csce-313-embedded-systems/project6/6_case_b/software/proj6b_bsp/newlib-build-tmp/smallc/nios2-elf/libgloss/libnosys -L/usr/local/3rdparty/altera/18.1/nios2eds/bin/gnu/src/newlib-2.2/libgloss/nios2       -o conftest conftest.c
		   -static -nostartfiles -nostdlib 1>&5
configure:3128: $? = 0
configure:3141: result: yes
configure:3224: updating cache ./config.cache
configure:3317: creating ./config.status

## ---------------------- ##
## Running config.status. ##
## ---------------------- ##

This file was extended by libgloss config.status LIBGLOSS_VERSION, which was
generated by GNU Autoconf 2.68.  Invocation command line was

  CONFIG_FILES    = 
  CONFIG_HEADERS  = 
  CONFIG_LINKS    = 
  CONFIG_COMMANDS = 
  $ ./config.status 

on cocsce-l3d22-08

config.status:830: creating Makefile
config.status:986: executing depfiles commands
configure:4559: === configuring in doc (/acct/mjonker/csce-313-embedded-systems/project6/6_case_b/software/proj6b_bsp/newlib-build-tmp/smallc/nios2-elf/libgloss/doc)
configure:4622: running /bin/bash /usr/local/3rdparty/altera/18.1/nios2eds/bin/gnu/src/newlib-2.2/libgloss/doc/configure --disable-option-checking '--prefix=/acct/mjonker/csce-313-embedded-systems/project6/6_case_b/software/proj6b_bsp/newlib'  '--with-newlib' '--with-cross-host=x86_64-unknown-linux-gnu' '--enable-multilib' '--enable-newlib-nano-malloc' '--program-transform-name=s&^&nios2-elf-&' '--with-target-subdir=nios2-elf' '--build=x86_64-unknown-linux-gnu' '--host=nios2-elf' '--target=nios2-elf' 'build_alias=x86_64-unknown-linux-gnu' 'host_alias=nios2-elf' 'target_alias=nios2-elf' --cache-file=.././config.cache --srcdir=/usr/local/3rdparty/altera/18.1/nios2eds/bin/gnu/src/newlib-2.2/libgloss/doc
configure:4559: === configuring in nios2 (/acct/mjonker/csce-313-embedded-systems/project6/6_case_b/software/proj6b_bsp/newlib-build-tmp/smallc/nios2-elf/libgloss/nios2)
configure:4622: running /bin/bash /usr/local/3rdparty/altera/18.1/nios2eds/bin/gnu/src/newlib-2.2/libgloss/nios2/configure --disable-option-checking '--prefix=/acct/mjonker/csce-313-embedded-systems/project6/6_case_b/software/proj6b_bsp/newlib'  '--with-newlib' '--with-cross-host=x86_64-unknown-linux-gnu' '--enable-multilib' '--enable-newlib-nano-malloc' '--program-transform-name=s&^&nios2-elf-&' '--with-target-subdir=nios2-elf' '--build=x86_64-unknown-linux-gnu' '--host=nios2-elf' '--target=nios2-elf' 'build_alias=x86_64-unknown-linux-gnu' 'host_alias=nios2-elf' 'target_alias=nios2-elf' --cache-file=.././config.cache --srcdir=/usr/local/3rdparty/altera/18.1/nios2eds/bin/gnu/src/newlib-2.2/libgloss/nios2

## ---------------- ##
## Cache variables. ##
## ---------------- ##

ac_cv_build=x86_64-unknown-linux-gnu
ac_cv_c_compiler_gnu=yes
ac_cv_env_CCASFLAGS_set=
ac_cv_env_CCASFLAGS_value=
ac_cv_env_CCAS_set=
ac_cv_env_CCAS_value=
ac_cv_env_build_alias_set=set
ac_cv_env_build_alias_value=x86_64-unknown-linux-gnu
ac_cv_env_host_alias_set=set
ac_cv_env_host_alias_value=nios2-elf
ac_cv_env_target_alias_set=set
ac_cv_env_target_alias_value=nios2-elf
ac_cv_host=nios2-unknown-elf
ac_cv_path_install='/usr/bin/install -c'
ac_cv_prog_AR='/acct/mjonker/csce-313-embedded-systems/project6/6_case_b/software/proj6b_bsp/newlib-build-tmp/build-newlib-stage-wrapper nios2-elf-ar'
ac_cv_prog_AWK=gawk
ac_cv_prog_CC='/acct/mjonker/csce-313-embedded-systems/project6/6_case_b/software/proj6b_bsp/newlib-build-tmp/build-newlib-stage-wrapper nios2-elf-gcc -B/acct/mjonker/csce-313-embedded-systems/project6/6_case_b/software/proj6b_bsp/newlib-build-tmp/smallc/nios2-elf/newlib/ -isystem /acct/mjonker/csce-313-embedded-systems/project6/6_case_b/software/proj6b_bsp/newlib-build-tmp/smallc/nios2-elf/newlib/targ-include -isystem /usr/local/3rdparty/altera/18.1/nios2eds/bin/gnu/src/newlib-2.2/newlib/libc/include -B/acct/mjonker/csce-313-embedded-systems/project6/6_case_b/software/proj6b_bsp/newlib-build-tmp/smallc/nios2-elf/libgloss/nios2 -L/acct/mjonker/csce-313-embedded-systems/project6/6_case_b/software/proj6b_bsp/newlib-build-tmp/smallc/nios2-elf/libgloss/libnosys -L/usr/local/3rdparty/altera/18.1/nios2eds/bin/gnu/src/newlib-2.2/libgloss/nios2   '
ac_cv_prog_RANLIB='/acct/mjonker/csce-313-embedded-systems/project6/6_case_b/software/proj6b_bsp/newlib-build-tmp/build-newlib-stage-wrapper nios2-elf-ranlib'
ac_cv_prog_STRIP=nios2-elf-strip
ac_cv_prog_cc_g=no
ac_cv_prog_make_make_set=yes
ac_cv_target=nios2-unknown-elf
am_cv_CC_dependencies_compiler_type=gcc3
libc_cv_initfinit_array=yes

## ----------------- ##
## Output variables. ##
## ----------------- ##

ACLOCAL='${SHELL} /usr/local/3rdparty/altera/18.1/nios2eds/bin/gnu/src/newlib-2.2/missing --run aclocal-1.9'
AMDEPBACKSLASH='\'
AMDEP_FALSE='#'
AMDEP_TRUE=''
AMTAR='${SHELL} /usr/local/3rdparty/altera/18.1/nios2eds/bin/gnu/src/newlib-2.2/missing --run tar'
AR='/acct/mjonker/csce-313-embedded-systems/project6/6_case_b/software/proj6b_bsp/newlib-build-tmp/build-newlib-stage-wrapper nios2-elf-ar'
AS='/acct/mjonker/csce-313-embedded-systems/project6/6_case_b/software/proj6b_bsp/newlib-build-tmp/build-newlib-stage-wrapper nios2-elf-as'
AUTOCONF='${SHELL} /usr/local/3rdparty/altera/18.1/nios2eds/bin/gnu/src/newlib-2.2/missing --run autoconf'
AUTOHEADER='${SHELL} /usr/local/3rdparty/altera/18.1/nios2eds/bin/gnu/src/newlib-2.2/missing --run autoheader'
AUTOMAKE='${SHELL} /usr/local/3rdparty/altera/18.1/nios2eds/bin/gnu/src/newlib-2.2/missing --run automake-1.9'
AWK='gawk'
CC='/acct/mjonker/csce-313-embedded-systems/project6/6_case_b/software/proj6b_bsp/newlib-build-tmp/build-newlib-stage-wrapper nios2-elf-gcc -B/acct/mjonker/csce-313-embedded-systems/project6/6_case_b/software/proj6b_bsp/newlib-build-tmp/smallc/nios2-elf/newlib/ -isystem /acct/mjonker/csce-313-embedded-systems/project6/6_case_b/software/proj6b_bsp/newlib-build-tmp/smallc/nios2-elf/newlib/targ-include -isystem /usr/local/3rdparty/altera/18.1/nios2eds/bin/gnu/src/newlib-2.2/newlib/libc/include -B/acct/mjonker/csce-313-embedded-systems/project6/6_case_b/software/proj6b_bsp/newlib-build-tmp/smallc/nios2-elf/libgloss/nios2 -L/acct/mjonker/csce-313-embedded-systems/project6/6_case_b/software/proj6b_bsp/newlib-build-tmp/smallc/nios2-elf/libgloss/libnosys -L/usr/local/3rdparty/altera/18.1/nios2eds/bin/gnu/src/newlib-2.2/libgloss/nios2   '
CCAS='/acct/mjonker/csce-313-embedded-systems/project6/6_case_b/software/proj6b_bsp/newlib-build-tmp/build-newlib-stage-wrapper nios2-elf-gcc -B/acct/mjonker/csce-313-embedded-systems/project6/6_case_b/software/proj6b_bsp/newlib-build-tmp/smallc/nios2-elf/newlib/ -isystem /acct/mjonker/csce-313-embedded-systems/project6/6_case_b/software/proj6b_bsp/newlib-build-tmp/smallc/nios2-elf/newlib/targ-include -isystem /usr/local/3rdparty/altera/18.1/nios2eds/bin/gnu/src/newlib-2.2/newlib/libc/include -B/acct/mjonker/csce-313-embedded-systems/project6/6_case_b/software/proj6b_bsp/newlib-build-tmp/smallc/nios2-elf/libgloss/nios2 -L/acct/mjonker/csce-313-embedded-systems/project6/6_case_b/software/proj6b_bsp/newlib-build-tmp/smallc/nios2-elf/libgloss/libnosys -L/usr/local/3rdparty/altera/18.1/nios2eds/bin/gnu/src/newlib-2.2/libgloss/nios2   '
CCASFLAGS=''
CCDEPMODE='depmode=gcc3'
CYGPATH_W='echo'
DEFS='-DPACKAGE_NAME=\"libgloss\" -DPACKAGE_TARNAME=\"libgloss\" -DPACKAGE_VERSION=\"LIBGLOSS_VERSION\" -DPACKAGE_STRING=\"libgloss\ LIBGLOSS_VERSION\" -DPACKAGE_BUGREPORT=\"\" -DPACKAGE_URL=\"\" -DHAVE_INITFINI_ARRAY=1'
DEPDIR='.deps'
ECHO_C=''
ECHO_N='-n'
ECHO_T=''
INSTALL_DATA='${INSTALL} -m 644'
INSTALL_PROGRAM='${INSTALL}'
INSTALL_SCRIPT='${INSTALL}'
INSTALL_STRIP_PROGRAM='${SHELL} $(install_sh) -c -s'
LD='nios2-elf-ld'
LIBOBJS=''
LIBS=''
LTLIBOBJS=''
MAKEINFO='makeinfo'
PACKAGE='libgloss'
PACKAGE_BUGREPORT=''
PACKAGE_NAME='libgloss'
PACKAGE_STRING='libgloss LIBGLOSS_VERSION'
PACKAGE_TARNAME='libgloss'
PACKAGE_URL=''
PACKAGE_VERSION='LIBGLOSS_VERSION'
PATH_SEPARATOR=':'
RANLIB='/acct/mjonker/csce-313-embedded-systems/project6/6_case_b/software/proj6b_bsp/newlib-build-tmp/build-newlib-stage-wrapper nios2-elf-ranlib'
SET_MAKE=''
SHELL='/bin/bash'
STRIP='nios2-elf-strip'
VERSION='LIBGLOSS_VERSION'
am__fastdepCC_FALSE='#'
am__fastdepCC_TRUE=''
am__include='include'
am__leading_dot='.'
am__quote=''
am__tar='${AMTAR} chof - "$$tardir"'
am__untar='${AMTAR} xf -'
bindir='${exec_prefix}/bin'
build='x86_64-unknown-linux-gnu'
build_alias='x86_64-unknown-linux-gnu'
build_cpu='x86_64'
build_os='linux-gnu'
build_vendor='unknown'
datadir='${datarootdir}'
datarootdir='${prefix}/share'
docdir='${datarootdir}/doc/${PACKAGE_TARNAME}'
dvidir='${docdir}'
exec_prefix='${prefix}'
host='nios2-unknown-elf'
host_alias='nios2-elf'
host_cpu='nios2'
host_makefile_frag_path='/usr/local/3rdparty/altera/18.1/nios2eds/bin/gnu/src/newlib-2.2/libgloss/config/default.mh'
host_os='elf'
host_vendor='unknown'
htmldir='${docdir}'
includedir='${prefix}/include'
infodir='${datarootdir}/info'
install_sh='/usr/local/3rdparty/altera/18.1/nios2eds/bin/gnu/src/newlib-2.2/install-sh'
libc_cv_initfinit_array='yes'
libdir='${exec_prefix}/lib'
libexecdir='${exec_prefix}/libexec'
localedir='${datarootdir}/locale'
localstatedir='${prefix}/var'
mandir='${datarootdir}/man'
mkdir_p='mkdir -p --'
oldincludedir='/usr/include'
pdfdir='${docdir}'
prefix='/acct/mjonker/csce-313-embedded-systems/project6/6_case_b/software/proj6b_bsp/newlib'
program_transform_name='s&^&nios2-elf-&'
psdir='${docdir}'
sbindir='${exec_prefix}/sbin'
sharedstatedir='${prefix}/com'
subdirs=' doc nios2'
sysconfdir='${prefix}/etc'
target='nios2-unknown-elf'
target_alias='nios2-elf'
target_cpu='nios2'
target_os='elf'
target_vendor='unknown'

## ------------------- ##
## File substitutions. ##
## ------------------- ##

host_makefile_frag='/usr/local/3rdparty/altera/18.1/nios2eds/bin/gnu/src/newlib-2.2/libgloss/config/default.mh'

## ----------- ##
## confdefs.h. ##
## ----------- ##

/* confdefs.h */
#define PACKAGE_NAME "libgloss"
#define PACKAGE_TARNAME "libgloss"
#define PACKAGE_VERSION "LIBGLOSS_VERSION"
#define PACKAGE_STRING "libgloss LIBGLOSS_VERSION"
#define PACKAGE_BUGREPORT ""
#define PACKAGE_URL ""
#define HAVE_INITFINI_ARRAY 1

configure: exit 0
