18:12:55 **** Build of configuration Nios II for project p6_partb ****
make all 
Info: Building ../p6_partb_bsp/
make --no-print-directory -C ../p6_partb_bsp/
[BSP build complete]
Info: Compiling hello_world_small.c to obj/default/hello_world_small.o
nios2-elf-gcc -xc -MP -MMD -c -I../p6_partb_bsp//newlib/nios2-elf/include -I../p6_partb_bsp//HAL/inc -I../p6_partb_bsp/ -I../p6_partb_bsp//drivers/inc  -pipe -D__hal__ -DALT_NO_C_PLUS_PLUS -DALT_NO_CLEAN_EXIT -D'exit(a)=_exit(a)' -DALT_NO_EXIT -DALT_USE_DIRECT_DRIVERS -DALT_NO_INSTRUCTION_EMULATION -DALT_USE_SMALL_DRIVERS -DSMALL_C_LIB -DALT_SINGLE_THREADED    -Os -g -Wall   -mno-hw-div -mhw-mul -mno-hw-mulx -mgpopt=global -fno-math-errno -mcustom-fabss=224 -mcustom-fadds=253 -mcustom-fcmpeqs=227 -mcustom-fcmpges=228 -mcustom-fcmpgts=229 -mcustom-fcmples=230 -mcustom-fcmplts=231 -mcustom-fcmpnes=226 -mcustom-fdivs=255 -mcustom-fixsi=249 -mcustom-floatis=250 -mcustom-fmuls=252 -mcustom-fnegs=225 -mcustom-fsubs=254  -o obj/default/hello_world_small.o hello_world_small.c
Info: Linking p6_partb.elf
nios2-elf-g++  -T'../p6_partb_bsp//linker.x' -msys-crt0='../p6_partb_bsp//obj/HAL/src/crt0.o' -msys-lib=hal_bsp -L../p6_partb_bsp/ -L../p6_partb_bsp//newlib/nios2-elf/lib  -msmallc  -Wl,-Map=p6_partb.map   -Os -g -Wall   -mno-hw-div -mhw-mul -mno-hw-mulx -mgpopt=global -fno-math-errno -mcustom-fabss=224 -mcustom-fadds=253 -mcustom-fcmpeqs=227 -mcustom-fcmpges=228 -mcustom-fcmpgts=229 -mcustom-fcmples=230 -mcustom-fcmplts=231 -mcustom-fcmpnes=226 -mcustom-fdivs=255 -mcustom-fixsi=249 -mcustom-floatis=250 -mcustom-fmuls=252 -mcustom-fnegs=225 -mcustom-fsubs=254  -o p6_partb.elf obj/default/hello_world_small.o -lm -msys-lib=m
nios2-elf-insert p6_partb.elf --thread_model hal --cpu_name processor --qsys true --simulation_enabled false --id 0 --sidp 0x203050 --timestamp 1681940130 --stderr_dev jtag --stdin_dev jtag --stdout_dev jtag --sopc_system_name nios_system --quartus_project_dir "/acct/mjonker/csce-313-embedded-systems/project6/6_case_b" --jdi ../..//output_files/test.jdi --sopcinfo /acct/mjonker/csce-313-embedded-systems/project6/6_case_b/software/p6_partb_bsp/../../nios_system.sopcinfo
Picked up _JAVA_OPTIONS: -Duser.home=/acct/mjonker
Info: (p6_partb.elf) 1820 KBytes program size (code + initialized data).
Info:                129250 KBytes free for stack + heap.
Info: Creating p6_partb.objdump
nios2-elf-objdump --disassemble --syms --all-header --source p6_partb.elf >p6_partb.objdump
[p6_partb build complete]
18:13:01 **** Build of configuration Nios II for project p6_partb ****
make all 
Info: Building ../p6_partb_bsp/
make --no-print-directory -C ../p6_partb_bsp/
[BSP build complete]
[p6_partb build complete]
18:13:27 **** Incremental Build of configuration Nios II for project p6_partb ****
make all 
Info: Building ../p6_partb_bsp/
make --no-print-directory -C ../p6_partb_bsp/
[BSP build complete]
[p6_partb build complete]
