This file contains any messages produced by compilers while
running configure, to aid debugging if configure makes a mistake.

It was created by configure, which was
generated by GNU Autoconf 2.64.  Invocation command line was

  $ /usr/local/3rdparty/altera/18.1/nios2eds/bin/gnu/src/newlib-2.2/configure --enable-multilib --enable-newlib-io-long-long CFLAGS_FOR_TARGET=-g -O2 -mno-gpopt -ffunction-sections -fdata-sections CXXFLAGS_FOR_TARGET=-g -O2 -mno-gpopt -ffunction-sections -fdata-sections --prefix=/acct/mjonker/csce-313-embedded-systems/project6/6_case_b/software/p6_partb_bsp/newlib --target=nios2-elf

## --------- ##
## Platform. ##
## --------- ##

hostname = cocsce-l3d22-12
uname -m = x86_64
uname -r = 5.14.0-1055-oem
uname -s = Linux
uname -v = #62-Ubuntu SMP Wed Nov 30 04:54:03 UTC 2022

/usr/bin/uname -p = x86_64
/bin/uname -X     = unknown

/bin/arch              = x86_64
/usr/bin/arch -k       = unknown
/usr/convex/getsysinfo = unknown
/usr/bin/hostinfo      = unknown
/bin/machine           = unknown
/usr/bin/oslevel       = unknown
/bin/universe          = unknown

PATH: /usr/local/3rdparty/altera/18.1/nios2eds/bin/gnu/H-x86_64-pc-linux-gnu/bin
PATH: /usr/local/3rdparty/altera/18.1/nios2eds/sdk2/bin
PATH: /usr/local/3rdparty/altera/18.1/nios2eds/bin
PATH: /usr/local/3rdparty/altera/18.1/quartus/linux64
PATH: /usr/local/3rdparty/mentor/questasim/questasim/bin
PATH: /usr/local/3rdparty/altera/18.1/quartus/../nios2eds/sdk2/bin
PATH: /usr/local/3rdparty/altera/18.1/quartus/../nios2eds/bin
PATH: /usr/local/3rdparty/altera/18.1/quartus/../nios2eds/bin/gnu/H-x86_64-pc-linux-gnu/bin
PATH: /usr/local/3rdparty/altera/18.1/quartus/linux64
PATH: /usr/local/3rdparty/smlnj/bin
PATH: /usr/lib/oracle/12.1/client64/bin
PATH: /usr/bin
PATH: /acct/mjonker/.local/bin
PATH: /acct/mjonker/bin
PATH: /usr/local/sbin
PATH: /usr/local/bin
PATH: /usr/sbin
PATH: /usr/bin
PATH: /sbin
PATH: /bin
PATH: /usr/games
PATH: /usr/local/games
PATH: /snap/bin
PATH: /usr/local/3rdparty/simplescalar/bin
PATH: /usr/local/3rdparty/simplescalar/simplesim-3.0
PATH: /usr/local/3rdparty/gradle-3.3/bin
PATH: /usr/local/3rdparty/android-studio/bin
PATH: /usr/local/3rdparty/intelliJ-2018.1/bin
PATH: /usr/local/3rdparty/jetbrains/pycharm/pycharm-community-2020.3.3/bin
PATH: /usr/local/3rdparty/webstorm-2018.1/bin
PATH: /usr/local/3rdparty/ParaView-5.6.0-MPI-Linux-64bit/bin
PATH: /usr/local/3rdparty/gem5/build/X86
PATH: /usr/local/3rdparty/gem5/build/RISCV
PATH: /usr/local/3rdparty/synopsys/cscope64/P-2019.06/ai_bin
PATH: /usr/local/3rdparty/synopsys/hspice/P-2019.06-SP1/hspice/bin
PATH: /usr/local/3rdparty/synopsys/pts/P-2019.03-SP5/bin
PATH: /usr/local/3rdparty/synopsys/pwr/P-2019.03-SP5/bin
PATH: /usr/local/3rdparty/synopsys/syn/P-2019.03-SP5/bin
PATH: /usr/local/3rdparty/synopsys/icc/R-2020.09-SP3/bin
PATH: /usr/local/3rdparty/synopsys/icc2/R-2020.09-SP3/bin
PATH: /usr/local/3rdparty/synopsys/fm/R-2020.09-SP3/bin
PATH: /usr/local/3rdparty/synopsys/customcompiler/Q-2020.03-SP2-4/bin
PATH: /usr/local/3rdparty/synopsys/vcs/P-2019.06-SP2-11/bin
PATH: /usr/local/3rdparty/cabal/bin


## ----------- ##
## Core tests. ##
## ----------- ##

configure:2340: checking build system type
configure:2354: result: x86_64-unknown-linux-gnu
configure:2401: checking host system type
configure:2414: result: x86_64-unknown-linux-gnu
configure:2434: checking target system type
configure:2447: result: nios2-unknown-elf
configure:2501: checking for a BSD-compatible install
configure:2569: result: /usr/bin/install -c
configure:2580: checking whether ln works
configure:2602: result: yes
configure:2606: checking whether ln -s works
configure:2610: result: yes
configure:2617: checking for a sed that does not truncate output
configure:2681: result: /usr/bin/sed
configure:2690: checking for gawk
configure:2706: found /usr/bin/gawk
configure:2717: result: gawk
configure:4000: checking for gcc
configure:4016: found /usr/bin/gcc
configure:4027: result: gcc
configure:4256: checking for C compiler version
configure:4265: gcc --version >&5
gcc (Ubuntu 9.4.0-1ubuntu1~20.04.1) 9.4.0
Copyright (C) 2019 Free Software Foundation, Inc.
This is free software; see the source for copying conditions.  There is NO
warranty; not even for MERCHANTABILITY or FITNESS FOR A PARTICULAR PURPOSE.

configure:4276: $? = 0
configure:4265: gcc -v >&5
Using built-in specs.
COLLECT_GCC=gcc
COLLECT_LTO_WRAPPER=/usr/lib/gcc/x86_64-linux-gnu/9/lto-wrapper
OFFLOAD_TARGET_NAMES=nvptx-none:hsa
OFFLOAD_TARGET_DEFAULT=1
Target: x86_64-linux-gnu
Configured with: ../src/configure -v --with-pkgversion='Ubuntu 9.4.0-1ubuntu1~20.04.1' --with-bugurl=file:///usr/share/doc/gcc-9/README.Bugs --enable-languages=c,ada,c++,go,brig,d,fortran,objc,obj-c++,gm2 --prefix=/usr --with-gcc-major-version-only --program-suffix=-9 --program-prefix=x86_64-linux-gnu- --enable-shared --enable-linker-build-id --libexecdir=/usr/lib --without-included-gettext --enable-threads=posix --libdir=/usr/lib --enable-nls --enable-clocale=gnu --enable-libstdcxx-debug --enable-libstdcxx-time=yes --with-default-libstdcxx-abi=new --enable-gnu-unique-object --disable-vtable-verify --enable-plugin --enable-default-pie --with-system-zlib --with-target-system-zlib=auto --enable-objc-gc=auto --enable-multiarch --disable-werror --with-arch-32=i686 --with-abi=m64 --with-multilib-list=m32,m64,mx32 --enable-multilib --with-tune=generic --enable-offload-targets=nvptx-none=/build/gcc-9-Av3uEd/gcc-9-9.4.0/debian/tmp-nvptx/usr,hsa --without-cuda-driver --enable-checking=release --build=x86_64-linux-gnu --host=x86_64-linux-gnu --target=x86_64-linux-gnu
Thread model: posix
gcc version 9.4.0 (Ubuntu 9.4.0-1ubuntu1~20.04.1) 
configure:4276: $? = 0
configure:4265: gcc -V >&5
gcc: error: unrecognized command line option '-V'
gcc: fatal error: no input files
compilation terminated.
configure:4276: $? = 1
configure:4265: gcc -qversion >&5
gcc: error: unrecognized command line option '-qversion'; did you mean '--version'?
gcc: fatal error: no input files
compilation terminated.
configure:4276: $? = 1
configure:4296: checking for C compiler default output file name
configure:4318: gcc    conftest.c  >&5
configure:4322: $? = 0
configure:4359: result: a.out
configure:4375: checking whether the C compiler works
configure:4384: ./a.out
configure:4388: $? = 0
configure:4403: result: yes
configure:4410: checking whether we are cross compiling
configure:4412: result: no
configure:4415: checking for suffix of executables
configure:4422: gcc -o conftest    conftest.c  >&5
configure:4426: $? = 0
configure:4448: result: 
configure:4454: checking for suffix of object files
configure:4476: gcc -c   conftest.c >&5
configure:4480: $? = 0
configure:4501: result: o
configure:4505: checking whether we are using the GNU C compiler
configure:4524: gcc -c   conftest.c >&5
configure:4524: $? = 0
configure:4533: result: yes
configure:4542: checking whether gcc accepts -g
configure:4562: gcc -c -g  conftest.c >&5
configure:4562: $? = 0
configure:4603: result: yes
configure:4620: checking for gcc option to accept ISO C89
configure:4684: gcc  -c -g -O2  conftest.c >&5
configure:4684: $? = 0
configure:4697: result: none needed
configure:4775: checking for g++
configure:4791: found /usr/bin/g++
configure:4802: result: g++
configure:4829: checking for C++ compiler version
configure:4838: g++ --version >&5
g++ (Ubuntu 9.4.0-1ubuntu1~20.04.1) 9.4.0
Copyright (C) 2019 Free Software Foundation, Inc.
This is free software; see the source for copying conditions.  There is NO
warranty; not even for MERCHANTABILITY or FITNESS FOR A PARTICULAR PURPOSE.

configure:4849: $? = 0
configure:4838: g++ -v >&5
Using built-in specs.
COLLECT_GCC=g++
COLLECT_LTO_WRAPPER=/usr/lib/gcc/x86_64-linux-gnu/9/lto-wrapper
OFFLOAD_TARGET_NAMES=nvptx-none:hsa
OFFLOAD_TARGET_DEFAULT=1
Target: x86_64-linux-gnu
Configured with: ../src/configure -v --with-pkgversion='Ubuntu 9.4.0-1ubuntu1~20.04.1' --with-bugurl=file:///usr/share/doc/gcc-9/README.Bugs --enable-languages=c,ada,c++,go,brig,d,fortran,objc,obj-c++,gm2 --prefix=/usr --with-gcc-major-version-only --program-suffix=-9 --program-prefix=x86_64-linux-gnu- --enable-shared --enable-linker-build-id --libexecdir=/usr/lib --without-included-gettext --enable-threads=posix --libdir=/usr/lib --enable-nls --enable-clocale=gnu --enable-libstdcxx-debug --enable-libstdcxx-time=yes --with-default-libstdcxx-abi=new --enable-gnu-unique-object --disable-vtable-verify --enable-plugin --enable-default-pie --with-system-zlib --with-target-system-zlib=auto --enable-objc-gc=auto --enable-multiarch --disable-werror --with-arch-32=i686 --with-abi=m64 --with-multilib-list=m32,m64,mx32 --enable-multilib --with-tune=generic --enable-offload-targets=nvptx-none=/build/gcc-9-Av3uEd/gcc-9-9.4.0/debian/tmp-nvptx/usr,hsa --without-cuda-driver --enable-checking=release --build=x86_64-linux-gnu --host=x86_64-linux-gnu --target=x86_64-linux-gnu
Thread model: posix
gcc version 9.4.0 (Ubuntu 9.4.0-1ubuntu1~20.04.1) 
configure:4849: $? = 0
configure:4838: g++ -V >&5
g++: error: unrecognized command line option '-V'
g++: fatal error: no input files
compilation terminated.
configure:4849: $? = 1
configure:4838: g++ -qversion >&5
g++: error: unrecognized command line option '-qversion'; did you mean '--version'?
g++: fatal error: no input files
compilation terminated.
configure:4849: $? = 1
configure:4853: checking whether we are using the GNU C++ compiler
configure:4872: g++ -c   conftest.cpp >&5
configure:4872: $? = 0
configure:4881: result: yes
configure:4890: checking whether g++ accepts -g
configure:4910: g++ -c -g  conftest.cpp >&5
configure:4910: $? = 0
configure:4951: result: yes
configure:5000: checking whether g++ accepts -static-libstdc++ -static-libgcc
configure:5017: g++ -o conftest -g -O2   -static-libstdc++ -static-libgcc conftest.cpp  >&5
configure:5017: $? = 0
configure:5018: result: yes
configure:5082: checking for gnatbind
configure:5112: result: no
configure:5174: checking for gnatmake
configure:5204: result: no
configure:5223: checking whether compiler driver understands Ada
configure:5246: result: no
configure:5255: checking how to compare bootstrapped objects
configure:5280: result: cmp --ignore-initial=16 $$f1 $$f2
configure:5334: checking for objdir
configure:5349: result: .libs
configure:5921: checking for version 0.11 of ISL
configure:5940: gcc -o conftest -g -O2      conftest.c  -lisl >&5
conftest.c:10:10: fatal error: isl/version.h: No such file or directory
   10 | #include <isl/version.h>
      |          ^~~~~~~~~~~~~~~
compilation terminated.
configure:5940: $? = 1
configure: program exited with status 1
configure: failed program was:
| /* confdefs.h */
| #define PACKAGE_NAME ""
| #define PACKAGE_TARNAME ""
| #define PACKAGE_VERSION ""
| #define PACKAGE_STRING ""
| #define PACKAGE_BUGREPORT ""
| #define PACKAGE_URL ""
| #define LT_OBJDIR ".libs/"
| /* end confdefs.h.  */
| #include <isl/version.h>
|    #include <string.h>
| int
| main ()
| {
| if (strncmp (isl_version (), "isl-0.11", strlen ("isl-0.11")) != 0)
|      return 1;
| 
|   ;
|   return 0;
| }
configure:5949: result: no
configure:5969: checking for version 0.12 of ISL
configure:5988: gcc -o conftest -g -O2      conftest.c  -lisl >&5
conftest.c:10:10: fatal error: isl/version.h: No such file or directory
   10 | #include <isl/version.h>
      |          ^~~~~~~~~~~~~~~
compilation terminated.
configure:5988: $? = 1
configure: program exited with status 1
configure: failed program was:
| /* confdefs.h */
| #define PACKAGE_NAME ""
| #define PACKAGE_TARNAME ""
| #define PACKAGE_VERSION ""
| #define PACKAGE_STRING ""
| #define PACKAGE_BUGREPORT ""
| #define PACKAGE_URL ""
| #define LT_OBJDIR ".libs/"
| /* end confdefs.h.  */
| #include <isl/version.h>
|    #include <string.h>
| int
| main ()
| {
| if (strncmp (isl_version (), "isl-0.12", strlen ("isl-0.12")) != 0)
|      return 1;
| 
|   ;
|   return 0;
| }
configure:5997: result: no
configure:7162: checking for default BUILD_CONFIG
configure:7194: result: 
configure:7683: checking for bison
configure:7699: found /usr/bin/bison
configure:7710: result: bison -y
configure:7730: checking for bison
configure:7746: found /usr/bin/bison
configure:7757: result: bison
configure:7777: checking for gm4
configure:7807: result: no
configure:7777: checking for gnum4
configure:7807: result: no
configure:7777: checking for m4
configure:7793: found /usr/bin/m4
configure:7804: result: m4
configure:7824: checking for flex
configure:7840: found /usr/bin/flex
configure:7851: result: flex
configure:7872: checking for flex
configure:7888: found /usr/bin/flex
configure:7899: result: flex
configure:7919: checking for makeinfo
configure:7935: found /usr/bin/makeinfo
configure:7946: result: makeinfo
configure:7980: checking for expect
configure:8010: result: no
configure:8029: checking for runtest
configure:8059: result: no
configure:8174: checking for ar
configure:8190: found /usr/bin/ar
configure:8201: result: ar
configure:8315: checking for as
configure:8331: found /usr/bin/as
configure:8342: result: as
configure:8456: checking for dlltool
configure:8486: result: no
configure:8597: checking for ld
configure:8613: found /usr/bin/ld
configure:8624: result: ld
configure:8738: checking for lipo
configure:8768: result: no
configure:8879: checking for nm
configure:8895: found /usr/bin/nm
configure:8906: result: nm
configure:9020: checking for ranlib
configure:9036: found /usr/bin/ranlib
configure:9047: result: ranlib
configure:9156: checking for strip
configure:9172: found /usr/bin/strip
configure:9183: result: strip
configure:9292: checking for windres
configure:9322: result: no
configure:9433: checking for windmc
configure:9463: result: no
configure:9574: checking for objcopy
configure:9590: found /usr/bin/objcopy
configure:9601: result: objcopy
configure:9715: checking for objdump
configure:9731: found /usr/bin/objdump
configure:9742: result: objdump
configure:9856: checking for readelf
configure:9872: found /usr/bin/readelf
configure:9883: result: readelf
configure:9997: checking for nios2-elf-cc
configure:10027: result: no
configure:9997: checking for nios2-elf-gcc
configure:10013: found /usr/local/3rdparty/altera/18.1/nios2eds/bin/gnu/H-x86_64-pc-linux-gnu/bin/nios2-elf-gcc
configure:10024: result: nios2-elf-gcc
configure:10158: checking for nios2-elf-c++
configure:10174: found /usr/local/3rdparty/altera/18.1/nios2eds/bin/gnu/H-x86_64-pc-linux-gnu/bin/nios2-elf-c++
configure:10185: result: nios2-elf-c++
configure:10319: checking for nios2-elf-gcc
configure:10335: found /usr/local/3rdparty/altera/18.1/nios2eds/bin/gnu/H-x86_64-pc-linux-gnu/bin/nios2-elf-gcc
configure:10346: result: nios2-elf-gcc
configure:10475: checking for nios2-elf-gcj
configure:10505: result: no
configure:10636: checking for nios2-elf-gfortran
configure:10666: result: no
configure:10797: checking for nios2-elf-gccgo
configure:10827: result: no
configure:11038: checking for nios2-elf-ar
configure:11054: found /usr/local/3rdparty/altera/18.1/nios2eds/bin/gnu/H-x86_64-pc-linux-gnu/bin/nios2-elf-ar
configure:11065: result: nios2-elf-ar
configure:11268: checking for nios2-elf-as
configure:11284: found /usr/local/3rdparty/altera/18.1/nios2eds/bin/gnu/H-x86_64-pc-linux-gnu/bin/nios2-elf-as
configure:11295: result: nios2-elf-as
configure:11498: checking for nios2-elf-dlltool
configure:11528: result: no
configure:11728: checking for nios2-elf-ld
configure:11744: found /usr/local/3rdparty/altera/18.1/nios2eds/bin/gnu/H-x86_64-pc-linux-gnu/bin/nios2-elf-ld
configure:11755: result: nios2-elf-ld
configure:11958: checking for nios2-elf-lipo
configure:11988: result: no
configure:12188: checking for nios2-elf-nm
configure:12204: found /usr/local/3rdparty/altera/18.1/nios2eds/bin/gnu/H-x86_64-pc-linux-gnu/bin/nios2-elf-nm
configure:12215: result: nios2-elf-nm
configure:12418: checking for nios2-elf-objdump
configure:12434: found /usr/local/3rdparty/altera/18.1/nios2eds/bin/gnu/H-x86_64-pc-linux-gnu/bin/nios2-elf-objdump
configure:12445: result: nios2-elf-objdump
configure:12648: checking for nios2-elf-ranlib
configure:12664: found /usr/local/3rdparty/altera/18.1/nios2eds/bin/gnu/H-x86_64-pc-linux-gnu/bin/nios2-elf-ranlib
configure:12675: result: nios2-elf-ranlib
configure:12878: checking for nios2-elf-readelf
configure:12894: found /usr/local/3rdparty/altera/18.1/nios2eds/bin/gnu/H-x86_64-pc-linux-gnu/bin/nios2-elf-readelf
configure:12905: result: nios2-elf-readelf
configure:13108: checking for nios2-elf-strip
configure:13124: found /usr/local/3rdparty/altera/18.1/nios2eds/bin/gnu/H-x86_64-pc-linux-gnu/bin/nios2-elf-strip
configure:13135: result: nios2-elf-strip
configure:13338: checking for nios2-elf-windres
configure:13368: result: no
configure:13568: checking for nios2-elf-windmc
configure:13598: result: no
configure:13665: checking where to find the target ar
configure:13702: result: pre-installed
configure:13707: checking where to find the target as
configure:13744: result: pre-installed
configure:13749: checking where to find the target cc
configure:13786: result: pre-installed
configure:13791: checking where to find the target c++
configure:13831: result: pre-installed
configure:13836: checking where to find the target c++ for libstdc++
configure:13876: result: pre-installed
configure:13881: checking where to find the target dlltool
configure:13918: result: pre-installed
configure:13923: checking where to find the target gcc
configure:13960: result: pre-installed
configure:13965: checking where to find the target gcj
configure:14005: result: pre-installed
configure:14010: checking where to find the target gfortran
configure:14050: result: pre-installed
configure:14055: checking where to find the target gccgo
configure:14095: result: pre-installed
configure:14100: checking where to find the target ld
configure:14137: result: pre-installed
configure:14142: checking where to find the target lipo
configure:14168: result: pre-installed
configure:14173: checking where to find the target nm
configure:14210: result: pre-installed
configure:14215: checking where to find the target objdump
configure:14252: result: pre-installed
configure:14257: checking where to find the target ranlib
configure:14294: result: pre-installed
configure:14299: checking where to find the target readelf
configure:14336: result: pre-installed
configure:14341: checking where to find the target strip
configure:14378: result: pre-installed
configure:14383: checking where to find the target windres
configure:14420: result: pre-installed
configure:14425: checking where to find the target windmc
configure:14462: result: pre-installed
configure:14495: checking whether to enable maintainer-specific portions of Makefiles
configure:14504: result: no
configure:14717: creating ./config.status

## ---------------------- ##
## Running config.status. ##
## ---------------------- ##

This file was extended by config.status, which was
generated by GNU Autoconf 2.64.  Invocation command line was

  CONFIG_FILES    = 
  CONFIG_HEADERS  = 
  CONFIG_LINKS    = 
  CONFIG_COMMANDS = 
  $ ./config.status 

on cocsce-l3d22-12

config.status:909: creating Makefile

## ---------------- ##
## Cache variables. ##
## ---------------- ##

ac_cv_build=x86_64-unknown-linux-gnu
ac_cv_c_compiler_gnu=yes
ac_cv_cxx_compiler_gnu=yes
ac_cv_env_AR_FOR_TARGET_set=
ac_cv_env_AR_FOR_TARGET_value=
ac_cv_env_AR_set=
ac_cv_env_AR_value=
ac_cv_env_AS_FOR_TARGET_set=
ac_cv_env_AS_FOR_TARGET_value=
ac_cv_env_AS_set=
ac_cv_env_AS_value=
ac_cv_env_CCC_set=
ac_cv_env_CCC_value=
ac_cv_env_CC_FOR_TARGET_set=
ac_cv_env_CC_FOR_TARGET_value=
ac_cv_env_CC_set=
ac_cv_env_CC_value=
ac_cv_env_CFLAGS_set=
ac_cv_env_CFLAGS_value=
ac_cv_env_CPPFLAGS_set=
ac_cv_env_CPPFLAGS_value=
ac_cv_env_CXXFLAGS_set=
ac_cv_env_CXXFLAGS_value=
ac_cv_env_CXX_FOR_TARGET_set=
ac_cv_env_CXX_FOR_TARGET_value=
ac_cv_env_CXX_set=
ac_cv_env_CXX_value=
ac_cv_env_DLLTOOL_FOR_TARGET_set=
ac_cv_env_DLLTOOL_FOR_TARGET_value=
ac_cv_env_DLLTOOL_set=
ac_cv_env_DLLTOOL_value=
ac_cv_env_GCC_FOR_TARGET_set=
ac_cv_env_GCC_FOR_TARGET_value=
ac_cv_env_GCJ_FOR_TARGET_set=
ac_cv_env_GCJ_FOR_TARGET_value=
ac_cv_env_GFORTRAN_FOR_TARGET_set=
ac_cv_env_GFORTRAN_FOR_TARGET_value=
ac_cv_env_GOC_FOR_TARGET_set=
ac_cv_env_GOC_FOR_TARGET_value=
ac_cv_env_LDFLAGS_set=
ac_cv_env_LDFLAGS_value=
ac_cv_env_LD_FOR_TARGET_set=
ac_cv_env_LD_FOR_TARGET_value=
ac_cv_env_LD_set=
ac_cv_env_LD_value=
ac_cv_env_LIBS_set=
ac_cv_env_LIBS_value=
ac_cv_env_LIPO_FOR_TARGET_set=
ac_cv_env_LIPO_FOR_TARGET_value=
ac_cv_env_LIPO_set=
ac_cv_env_LIPO_value=
ac_cv_env_NM_FOR_TARGET_set=
ac_cv_env_NM_FOR_TARGET_value=
ac_cv_env_NM_set=
ac_cv_env_NM_value=
ac_cv_env_OBJCOPY_set=
ac_cv_env_OBJCOPY_value=
ac_cv_env_OBJDUMP_FOR_TARGET_set=
ac_cv_env_OBJDUMP_FOR_TARGET_value=
ac_cv_env_OBJDUMP_set=
ac_cv_env_OBJDUMP_value=
ac_cv_env_RANLIB_FOR_TARGET_set=
ac_cv_env_RANLIB_FOR_TARGET_value=
ac_cv_env_RANLIB_set=
ac_cv_env_RANLIB_value=
ac_cv_env_READELF_FOR_TARGET_set=
ac_cv_env_READELF_FOR_TARGET_value=
ac_cv_env_READELF_set=
ac_cv_env_READELF_value=
ac_cv_env_STRIP_FOR_TARGET_set=
ac_cv_env_STRIP_FOR_TARGET_value=
ac_cv_env_STRIP_set=
ac_cv_env_STRIP_value=
ac_cv_env_WINDMC_FOR_TARGET_set=
ac_cv_env_WINDMC_FOR_TARGET_value=
ac_cv_env_WINDMC_set=
ac_cv_env_WINDMC_value=
ac_cv_env_WINDRES_FOR_TARGET_set=
ac_cv_env_WINDRES_FOR_TARGET_value=
ac_cv_env_WINDRES_set=
ac_cv_env_WINDRES_value=
ac_cv_env_build_alias_set=
ac_cv_env_build_alias_value=
ac_cv_env_build_configargs_set=
ac_cv_env_build_configargs_value=
ac_cv_env_host_alias_set=
ac_cv_env_host_alias_value=
ac_cv_env_host_configargs_set=
ac_cv_env_host_configargs_value=
ac_cv_env_target_alias_set=set
ac_cv_env_target_alias_value=nios2-elf
ac_cv_env_target_configargs_set=
ac_cv_env_target_configargs_value=
ac_cv_host=x86_64-unknown-linux-gnu
ac_cv_objext=o
ac_cv_path_SED=/usr/bin/sed
ac_cv_path_install='/usr/bin/install -c'
ac_cv_prog_AR=ar
ac_cv_prog_AR_FOR_TARGET=nios2-elf-ar
ac_cv_prog_AS=as
ac_cv_prog_AS_FOR_TARGET=nios2-elf-as
ac_cv_prog_AWK=gawk
ac_cv_prog_BISON=bison
ac_cv_prog_CC_FOR_TARGET=nios2-elf-gcc
ac_cv_prog_CXX_FOR_TARGET=nios2-elf-c++
ac_cv_prog_FLEX=flex
ac_cv_prog_GCC_FOR_TARGET=nios2-elf-gcc
ac_cv_prog_LD=ld
ac_cv_prog_LD_FOR_TARGET=nios2-elf-ld
ac_cv_prog_LEX=flex
ac_cv_prog_M4=m4
ac_cv_prog_MAKEINFO=makeinfo
ac_cv_prog_NM=nm
ac_cv_prog_NM_FOR_TARGET=nios2-elf-nm
ac_cv_prog_OBJCOPY=objcopy
ac_cv_prog_OBJDUMP=objdump
ac_cv_prog_OBJDUMP_FOR_TARGET=nios2-elf-objdump
ac_cv_prog_RANLIB=ranlib
ac_cv_prog_RANLIB_FOR_TARGET=nios2-elf-ranlib
ac_cv_prog_READELF=readelf
ac_cv_prog_READELF_FOR_TARGET=nios2-elf-readelf
ac_cv_prog_STRIP=strip
ac_cv_prog_STRIP_FOR_TARGET=nios2-elf-strip
ac_cv_prog_YACC='bison -y'
ac_cv_prog_ac_ct_CC=gcc
ac_cv_prog_ac_ct_CXX=g++
ac_cv_prog_cc_c89=
ac_cv_prog_cc_g=yes
ac_cv_prog_cxx_g=yes
ac_cv_target=nios2-unknown-elf
acx_cv_cc_gcc_supports_ada=no
acx_cv_prog_LN=ln
gcc_cv_isl=no
gcc_cv_prog_cmp_skip='cmp --ignore-initial=16 $$f1 $$f2'
gcc_cv_tool_dirs=
gcc_cv_tool_prefix=/acct/mjonker/csce-313-embedded-systems/project6/6_case_b/software/p6_partb_bsp/newlib
lt_cv_objdir=.libs

## ----------------- ##
## Output variables. ##
## ----------------- ##

AR='ar'
AR_FOR_BUILD='$(AR)'
AR_FOR_TARGET='nios2-elf-ar'
AS='as'
AS_FOR_BUILD='$(AS)'
AS_FOR_TARGET='nios2-elf-as'
AWK='gawk'
BISON='bison'
BUILD_CONFIG=''
CC='gcc'
CC_FOR_BUILD='$(CC)'
CC_FOR_TARGET='nios2-elf-gcc'
CFLAGS='-g -O2'
CFLAGS_FOR_BUILD='-g -O2'
CFLAGS_FOR_TARGET='-g -O2 -mno-gpopt -ffunction-sections -fdata-sections'
COMPILER_AS_FOR_TARGET='$(AS_FOR_TARGET)'
COMPILER_LD_FOR_TARGET='$(LD_FOR_TARGET)'
COMPILER_NM_FOR_TARGET='$(NM_FOR_TARGET)'
CONFIGURE_GDB_TK=''
CPPFLAGS=''
CXX='g++'
CXXFLAGS='-g -O2'
CXXFLAGS_FOR_BUILD='-g -O2'
CXXFLAGS_FOR_TARGET='-g -O2 -mno-gpopt -ffunction-sections -fdata-sections'
CXX_FOR_BUILD='$(CXX)'
CXX_FOR_TARGET='nios2-elf-c++'
DEBUG_PREFIX_CFLAGS_FOR_TARGET=''
DEFS='-DPACKAGE_NAME=\"\" -DPACKAGE_TARNAME=\"\" -DPACKAGE_VERSION=\"\" -DPACKAGE_STRING=\"\" -DPACKAGE_BUGREPORT=\"\" -DPACKAGE_URL=\"\" -DLT_OBJDIR=\".libs/\"'
DLLTOOL='dlltool'
DLLTOOL_FOR_BUILD='$(DLLTOOL)'
DLLTOOL_FOR_TARGET='nios2-elf-dlltool'
ECHO_C=''
ECHO_N='-n'
ECHO_T=''
EXEEXT=''
EXPECT='expect'
EXTRA_CONFIGARGS_LIBJAVA='--disable-static'
FLAGS_FOR_TARGET=' -B$$r/$(TARGET_SUBDIR)/newlib/ -isystem $$r/$(TARGET_SUBDIR)/newlib/targ-include -isystem $$s/newlib/libc/include -B$$r/$(TARGET_SUBDIR)/libgloss/nios2 -L$$r/$(TARGET_SUBDIR)/libgloss/libnosys -L$$s/libgloss/nios2'
FLEX='flex'
GCC_FOR_TARGET='nios2-elf-gcc'
GCC_SHLIB_SUBDIR=''
GCJ_FOR_BUILD='$(GCJ)'
GCJ_FOR_TARGET='nios2-elf-gcj'
GDB_TK=''
GFORTRAN_FOR_BUILD='$(GFORTRAN)'
GFORTRAN_FOR_TARGET='nios2-elf-gfortran'
GNATBIND='no'
GNATMAKE='no'
GOC_FOR_BUILD='$(GOC)'
GOC_FOR_TARGET='nios2-elf-gccgo'
INSTALL_DATA='${INSTALL} -m 644'
INSTALL_GDB_TK=''
INSTALL_PROGRAM='${INSTALL}'
INSTALL_SCRIPT='${INSTALL}'
LD='ld'
LDFLAGS=''
LDFLAGS_FOR_BUILD=''
LDFLAGS_FOR_TARGET=''
LD_FOR_BUILD='$(LD)'
LD_FOR_TARGET='nios2-elf-ld'
LEX='flex'
LIBOBJS=''
LIBS=''
LIPO='lipo'
LIPO_FOR_TARGET='nios2-elf-lipo'
LN='ln'
LN_S='ln -s'
LTLIBOBJS=''
M4='m4'
MAINT='#'
MAINTAINER_MODE_FALSE=''
MAINTAINER_MODE_TRUE='#'
MAKEINFO='makeinfo'
NM='nm'
NM_FOR_BUILD='$(NM)'
NM_FOR_TARGET='nios2-elf-nm'
OBJCOPY='objcopy'
OBJDUMP='objdump'
OBJDUMP_FOR_TARGET='nios2-elf-objdump'
OBJEXT='o'
PACKAGE_BUGREPORT=''
PACKAGE_NAME=''
PACKAGE_STRING=''
PACKAGE_TARNAME=''
PACKAGE_URL=''
PACKAGE_VERSION=''
PATH_SEPARATOR=':'
RANLIB='ranlib'
RANLIB_FOR_BUILD='$(RANLIB)'
RANLIB_FOR_TARGET='nios2-elf-ranlib'
RAW_CXX_FOR_TARGET='nios2-elf-c++'
READELF='readelf'
READELF_FOR_TARGET='nios2-elf-readelf'
RPATH_ENVVAR='LD_LIBRARY_PATH'
RUNTEST='runtest'
SED='/usr/bin/sed'
SHELL='/bin/bash'
STRIP='strip'
STRIP_FOR_TARGET='nios2-elf-strip'
SYSROOT_CFLAGS_FOR_TARGET=''
TOPLEVEL_CONFIGURE_ARGUMENTS='/usr/local/3rdparty/altera/18.1/nios2eds/bin/gnu/src/newlib-2.2/configure --enable-multilib --enable-newlib-io-long-long '\''CFLAGS_FOR_TARGET=-g -O2 -mno-gpopt -ffunction-sections -fdata-sections'\'' '\''CXXFLAGS_FOR_TARGET=-g -O2 -mno-gpopt -ffunction-sections -fdata-sections'\'' --prefix=/acct/mjonker/csce-313-embedded-systems/project6/6_case_b/software/p6_partb_bsp/newlib --target=nios2-elf'
WINDMC='windmc'
WINDMC_FOR_BUILD='$(WINDMC)'
WINDMC_FOR_TARGET='nios2-elf-windmc'
WINDRES='windres'
WINDRES_FOR_BUILD='$(WINDRES)'
WINDRES_FOR_TARGET='nios2-elf-windres'
YACC='bison -y'
ac_ct_CC='gcc'
ac_ct_CXX='g++'
bindir='${exec_prefix}/bin'
build='x86_64-unknown-linux-gnu'
build_alias=''
build_configargs=' --cache-file=../config.cache '\''--enable-multilib'\'' '\''--enable-newlib-io-long-long'\'' '\''--prefix=/acct/mjonker/csce-313-embedded-systems/project6/6_case_b/software/p6_partb_bsp/newlib'\'' --program-transform-name='\''s&^&nios2-elf-&'\'' --disable-option-checking'
build_configdirs=''
build_cpu='x86_64'
build_libsubdir='build-x86_64-unknown-linux-gnu'
build_noncanonical='x86_64-unknown-linux-gnu'
build_os='linux-gnu'
build_subdir='build-x86_64-unknown-linux-gnu'
build_tooldir='${exec_prefix}/nios2-elf'
build_vendor='unknown'
clooginc=''
clooglibs=''
compare_exclusions='gcc/cc*-checksum$(objext) | gcc/ada/*tools/*'
configdirs=' etc'
datadir='${datarootdir}'
datarootdir='${prefix}/share'
do_compare='cmp --ignore-initial=16 $$f1 $$f2'
docdir='${datarootdir}/doc/${PACKAGE}'
dvidir='${docdir}'
exec_prefix='${prefix}'
extra_host_libiberty_configure_flags=''
extra_isl_gmp_configure_flags=''
extra_mpc_gmp_configure_flags=''
extra_mpc_mpfr_configure_flags=''
extra_mpfr_configure_flags=''
gmpinc=''
gmplibs='-lmpc -lmpfr -lgmp'
host='x86_64-unknown-linux-gnu'
host_alias=''
host_configargs=' --cache-file=./config.cache  --with-system-zlib --with-newlib '\''--enable-multilib'\'' '\''--enable-newlib-io-long-long'\'' '\''--prefix=/acct/mjonker/csce-313-embedded-systems/project6/6_case_b/software/p6_partb_bsp/newlib'\'' --program-transform-name='\''s&^&nios2-elf-&'\'' --disable-option-checking'
host_cpu='x86_64'
host_noncanonical='x86_64-unknown-linux-gnu'
host_os='linux-gnu'
host_shared='no'
host_subdir='.'
host_vendor='unknown'
htmldir='${docdir}'
includedir='${prefix}/include'
infodir='${datarootdir}/info'
islinc=''
libdir='${exec_prefix}/lib'
libexecdir='${exec_prefix}/libexec'
localedir='${datarootdir}/locale'
localstatedir='${prefix}/var'
mandir='${datarootdir}/man'
oldincludedir='/usr/include'
pdfdir='${docdir}'
poststage1_ldflags='-static-libstdc++ -static-libgcc'
poststage1_libs=''
prefix='/acct/mjonker/csce-313-embedded-systems/project6/6_case_b/software/p6_partb_bsp/newlib'
program_transform_name='s&^&nios2-elf-&'
psdir='${docdir}'
sbindir='${exec_prefix}/sbin'
sharedstatedir='${prefix}/com'
stage1_cflags='-g'
stage1_checking='--enable-checking=yes,types'
stage1_languages=',c,'
stage1_ldflags='-static-libstdc++ -static-libgcc'
stage1_libs=''
stage2_werror_flag=''
sysconfdir='${prefix}/etc'
target='nios2-unknown-elf'
target_alias='nios2-elf'
target_configargs='--cache-file=./config.cache --with-newlib --with-cross-host=x86_64-unknown-linux-gnu   '\''--enable-multilib'\'' '\''--enable-newlib-io-long-long'\'' '\''--prefix=/acct/mjonker/csce-313-embedded-systems/project6/6_case_b/software/p6_partb_bsp/newlib'\'' --program-transform-name='\''s&^&nios2-elf-&'\'' --disable-option-checking'
target_configdirs=' libgloss newlib'
target_cpu='nios2'
target_noncanonical='nios2-elf'
target_os='elf'
target_subdir='nios2-elf'
target_vendor='unknown'
tooldir='${exec_prefix}/nios2-elf'

## ------------------- ##
## File substitutions. ##
## ------------------- ##

alphaieee_frag='/dev/null'
host_makefile_frag='/dev/null'
ospace_frag='/dev/null'
serialization_dependencies='serdep.tmp'
target_makefile_frag='/usr/local/3rdparty/altera/18.1/nios2eds/bin/gnu/src/newlib-2.2/config/mt-nios2-elf'

## ----------- ##
## confdefs.h. ##
## ----------- ##

/* confdefs.h */
#define PACKAGE_NAME ""
#define PACKAGE_TARNAME ""
#define PACKAGE_VERSION ""
#define PACKAGE_STRING ""
#define PACKAGE_BUGREPORT ""
#define PACKAGE_URL ""
#define LT_OBJDIR ".libs/"

configure: exit 0
