Info: Starting: Create block symbol file (.bsf)
Info: qsys-generate /acct/mjonker/csce-313-embedded-systems/project6/6_case_a/nios_system.qsys --block-symbol-file --output-directory=/acct/mjonker/csce-313-embedded-systems/project6/6_case_a/nios_system --family="Cyclone IV E" --part=EP4CE115F29C7
Progress: Loading 6_case_a/nios_system.qsys
Progress: Reading input file
Progress: Adding clock_source_0 [clock_source 18.1]
Progress: Parameterizing module clock_source_0
Progress: Adding clock_source_1 [clock_source 18.1]
Progress: Parameterizing module clock_source_1
Progress: Adding dma_buffer [altera_up_avalon_video_pixel_buffer_dma 18.0]
Progress: Parameterizing module dma_buffer
Progress: Adding dual_clock_fifo [altera_up_avalon_video_dual_clock_buffer 18.0]
Progress: Parameterizing module dual_clock_fifo
Progress: Adding jtag [altera_avalon_jtag_uart 18.1]
Progress: Parameterizing module jtag
Progress: Adding nios_custom_instr_floating_point_2_0 [altera_nios_custom_instr_floating_point_2 18.1]
Progress: Parameterizing module nios_custom_instr_floating_point_2_0
Progress: Adding processor [altera_nios2_gen2 18.1]
Progress: Parameterizing module processor
Progress: Adding rgb_resampler [altera_up_avalon_video_rgb_resampler 18.0]
Progress: Parameterizing module rgb_resampler
Progress: Adding sdram_controller [altera_avalon_new_sdram_controller 18.1]
Progress: Parameterizing module sdram_controller
Progress: Adding sram_controller [altera_up_avalon_sram 18.0]
Progress: Parameterizing module sram_controller
Progress: Adding sys_sdram_pll [altera_up_avalon_sys_sdram_pll 18.0]
Progress: Parameterizing module sys_sdram_pll
Progress: Adding sysid_qsys_0 [altera_avalon_sysid_qsys 18.1]
Progress: Parameterizing module sysid_qsys_0
Progress: Adding system_modes [altera_avalon_pio 18.1]
Progress: Parameterizing module system_modes
Progress: Adding timer_0 [altera_avalon_timer 18.1]
Progress: Parameterizing module timer_0
Progress: Adding vga [altera_up_avalon_video_vga_controller 18.0]
Progress: Parameterizing module vga
Progress: Adding video_alpha_blender_0 [altera_up_avalon_video_alpha_blender 18.0]
Progress: Parameterizing module video_alpha_blender_0
Progress: Adding video_character_buffer_with_dma_0 [altera_up_avalon_video_character_buffer_with_dma 18.0]
Progress: Parameterizing module video_character_buffer_with_dma_0
Progress: Adding video_pll_0 [altera_up_avalon_video_pll 18.0]
Progress: Parameterizing module video_pll_0
Progress: Adding video_scaler [altera_up_avalon_video_scaler 18.0]
Progress: Parameterizing module video_scaler
Progress: Building connections
Progress: Parameterizing connections
Progress: Validating
Progress: Done reading input file
Info: nios_system.jtag: JTAG UART IP input clock need to be at least double (2x) the operating frequency of JTAG TCK on board
Info: nios_system.rgb_resampler: RGB Resampling: 8 (bits) x 3 (planes) -> 10 (bits) x 3 (planes)
Info: nios_system.sdram_controller: SDRAM Controller will only be supported in Quartus Prime Standard Edition in the future release.
Info: nios_system.sys_sdram_pll: Refclk Freq: 50.0
Info: nios_system.sysid_qsys_0: System ID is not assigned automatically. Edit the System ID parameter to provide a unique ID
Info: nios_system.sysid_qsys_0: Time stamp will be automatically updated when this component is generated.
Info: nios_system.vga: Video Output Stream: Format: 640 x 480 with Color: 10 (bits) x 3 (planes) converted to 8 (bits) per color plane
Info: nios_system.video_character_buffer_with_dma_0: Character Resolution: 80 x 60
Info: nios_system.video_scaler: Change in Resolution: 320 x 240 -> 640 x 480
Info: nios_system.video_scaler.avalon_scaler_source/video_alpha_blender_0.avalon_background_sink: The source has a channel signal of 2 bits, but the sink does not. Avalon-ST Adapter will be inserted.
Info: qsys-generate succeeded.
Info: Finished: Create block symbol file (.bsf)
Info: 
Info: Starting: Create HDL design files for synthesis
Info: qsys-generate /acct/mjonker/csce-313-embedded-systems/project6/6_case_a/nios_system.qsys --synthesis=VERILOG --output-directory=/acct/mjonker/csce-313-embedded-systems/project6/6_case_a/nios_system/synthesis --family="Cyclone IV E" --part=EP4CE115F29C7
Progress: Loading 6_case_a/nios_system.qsys
Progress: Reading input file
Progress: Adding clock_source_0 [clock_source 18.1]
Progress: Parameterizing module clock_source_0
Progress: Adding clock_source_1 [clock_source 18.1]
Progress: Parameterizing module clock_source_1
Progress: Adding dma_buffer [altera_up_avalon_video_pixel_buffer_dma 18.0]
Progress: Parameterizing module dma_buffer
Progress: Adding dual_clock_fifo [altera_up_avalon_video_dual_clock_buffer 18.0]
Progress: Parameterizing module dual_clock_fifo
Progress: Adding jtag [altera_avalon_jtag_uart 18.1]
Progress: Parameterizing module jtag
Progress: Adding nios_custom_instr_floating_point_2_0 [altera_nios_custom_instr_floating_point_2 18.1]
Progress: Parameterizing module nios_custom_instr_floating_point_2_0
Progress: Adding processor [altera_nios2_gen2 18.1]
Progress: Parameterizing module processor
Progress: Adding rgb_resampler [altera_up_avalon_video_rgb_resampler 18.0]
Progress: Parameterizing module rgb_resampler
Progress: Adding sdram_controller [altera_avalon_new_sdram_controller 18.1]
Progress: Parameterizing module sdram_controller
Progress: Adding sram_controller [altera_up_avalon_sram 18.0]
Progress: Parameterizing module sram_controller
Progress: Adding sys_sdram_pll [altera_up_avalon_sys_sdram_pll 18.0]
Progress: Parameterizing module sys_sdram_pll
Progress: Adding sysid_qsys_0 [altera_avalon_sysid_qsys 18.1]
Progress: Parameterizing module sysid_qsys_0
Progress: Adding system_modes [altera_avalon_pio 18.1]
Progress: Parameterizing module system_modes
Progress: Adding timer_0 [altera_avalon_timer 18.1]
Progress: Parameterizing module timer_0
Progress: Adding vga [altera_up_avalon_video_vga_controller 18.0]
Progress: Parameterizing module vga
Progress: Adding video_alpha_blender_0 [altera_up_avalon_video_alpha_blender 18.0]
Progress: Parameterizing module video_alpha_blender_0
Progress: Adding video_character_buffer_with_dma_0 [altera_up_avalon_video_character_buffer_with_dma 18.0]
Progress: Parameterizing module video_character_buffer_with_dma_0
Progress: Adding video_pll_0 [altera_up_avalon_video_pll 18.0]
Progress: Parameterizing module video_pll_0
Progress: Adding video_scaler [altera_up_avalon_video_scaler 18.0]
Progress: Parameterizing module video_scaler
Progress: Building connections
Progress: Parameterizing connections
Progress: Validating
Progress: Done reading input file
Info: nios_system.jtag: JTAG UART IP input clock need to be at least double (2x) the operating frequency of JTAG TCK on board
Info: nios_system.rgb_resampler: RGB Resampling: 8 (bits) x 3 (planes) -> 10 (bits) x 3 (planes)
Info: nios_system.sdram_controller: SDRAM Controller will only be supported in Quartus Prime Standard Edition in the future release.
Info: nios_system.sys_sdram_pll: Refclk Freq: 50.0
Info: nios_system.sysid_qsys_0: System ID is not assigned automatically. Edit the System ID parameter to provide a unique ID
Info: nios_system.sysid_qsys_0: Time stamp will be automatically updated when this component is generated.
Info: nios_system.vga: Video Output Stream: Format: 640 x 480 with Color: 10 (bits) x 3 (planes) converted to 8 (bits) per color plane
Info: nios_system.video_character_buffer_with_dma_0: Character Resolution: 80 x 60
Info: nios_system.video_scaler: Change in Resolution: 320 x 240 -> 640 x 480
Info: nios_system.video_scaler.avalon_scaler_source/video_alpha_blender_0.avalon_background_sink: The source has a channel signal of 2 bits, but the sink does not. Avalon-ST Adapter will be inserted.
Info: nios_system: Generating nios_system "nios_system" for QUARTUS_SYNTH
Info: Inserting clock-crossing logic between cmd_demux_001.src8 and cmd_mux_008.sink0
Info: Inserting clock-crossing logic between cmd_demux_002.src1 and cmd_mux_008.sink1
Info: Inserting clock-crossing logic between rsp_demux_008.src0 and rsp_mux_001.sink8
Info: Inserting clock-crossing logic between rsp_demux_008.src1 and rsp_mux_002.sink1
Info: avalon_st_adapter: Inserting channel_adapter: channel_adapter_0
Warning: nios_system: "No matching role found for processor_custom_instruction_master_multi_xconnect:ci_slave:ci_slave_ipending (ipending)"
Warning: nios_system: "No matching role found for processor_custom_instruction_master_multi_xconnect:ci_slave:ci_slave_estatus (estatus)"
Info: dma_buffer: Starting Generation of VGA Pixel Buffer
Info: dma_buffer: "nios_system" instantiated altera_up_avalon_video_pixel_buffer_dma "dma_buffer"
Info: dual_clock_fifo: Starting Generation of the Dual Clock Buffer
Info: dual_clock_fifo: "nios_system" instantiated altera_up_avalon_video_dual_clock_buffer "dual_clock_fifo"
Info: jtag: Starting RTL generation for module 'nios_system_jtag'
Info: jtag:   Generation command is [exec /usr/local/3rdparty/altera/18.1/quartus/linux64/perl/bin/perl -I /usr/local/3rdparty/altera/18.1/quartus/linux64/perl/lib -I /usr/local/3rdparty/altera/18.1/quartus/sopc_builder/bin/europa -I /usr/local/3rdparty/altera/18.1/quartus/sopc_builder/bin/perl_lib -I /usr/local/3rdparty/altera/18.1/quartus/sopc_builder/bin -I /usr/local/3rdparty/altera/18.1/quartus/../ip/altera/sopc_builder_ip/common -I /usr/local/3rdparty/altera/18.1/quartus/../ip/altera/sopc_builder_ip/altera_avalon_jtag_uart -- /usr/local/3rdparty/altera/18.1/quartus/../ip/altera/sopc_builder_ip/altera_avalon_jtag_uart/generate_rtl.pl --name=nios_system_jtag --dir=/tmp/alt9466_3013606083615334524.dir/0004_jtag_gen/ --quartus_dir=/usr/local/3rdparty/altera/18.1/quartus --verilog --config=/tmp/alt9466_3013606083615334524.dir/0004_jtag_gen//nios_system_jtag_component_configuration.pl  --do_build_sim=0  ]
Info: jtag: Done RTL generation for module 'nios_system_jtag'
Info: jtag: "nios_system" instantiated altera_avalon_jtag_uart "jtag"
Info: nios_custom_instr_floating_point_2_0: "nios_system" instantiated altera_nios_custom_instr_floating_point_2 "nios_custom_instr_floating_point_2_0"
Info: processor: "nios_system" instantiated altera_nios2_gen2 "processor"
Info: rgb_resampler: Starting Generation of Video RGB Resampler
Info: rgb_resampler: "nios_system" instantiated altera_up_avalon_video_rgb_resampler "rgb_resampler"
Info: sdram_controller: Starting RTL generation for module 'nios_system_sdram_controller'
Info: sdram_controller:   Generation command is [exec /usr/local/3rdparty/altera/18.1/quartus/linux64/perl/bin/perl -I /usr/local/3rdparty/altera/18.1/quartus/linux64/perl/lib -I /usr/local/3rdparty/altera/18.1/quartus/sopc_builder/bin/europa -I /usr/local/3rdparty/altera/18.1/quartus/sopc_builder/bin/perl_lib -I /usr/local/3rdparty/altera/18.1/quartus/sopc_builder/bin -I /usr/local/3rdparty/altera/18.1/quartus/../ip/altera/sopc_builder_ip/common -I /usr/local/3rdparty/altera/18.1/quartus/../ip/altera/sopc_builder_ip/altera_avalon_new_sdram_controller -- /usr/local/3rdparty/altera/18.1/quartus/../ip/altera/sopc_builder_ip/altera_avalon_new_sdram_controller/generate_rtl.pl --name=nios_system_sdram_controller --dir=/tmp/alt9466_3013606083615334524.dir/0006_sdram_controller_gen/ --quartus_dir=/usr/local/3rdparty/altera/18.1/quartus --verilog --config=/tmp/alt9466_3013606083615334524.dir/0006_sdram_controller_gen//nios_system_sdram_controller_component_configuration.pl  --do_build_sim=0  ]
Info: sdram_controller: Done RTL generation for module 'nios_system_sdram_controller'
Info: sdram_controller: "nios_system" instantiated altera_avalon_new_sdram_controller "sdram_controller"
Info: sram_controller: Starting Generation of the SRAM Controller
Info: sram_controller: "nios_system" instantiated altera_up_avalon_sram "sram_controller"
Info: sys_sdram_pll: "nios_system" instantiated altera_up_avalon_sys_sdram_pll "sys_sdram_pll"
Info: sysid_qsys_0: "nios_system" instantiated altera_avalon_sysid_qsys "sysid_qsys_0"
Info: timer_0: Starting RTL generation for module 'nios_system_timer_0'
Info: timer_0:   Generation command is [exec /usr/local/3rdparty/altera/18.1/quartus/linux64//perl/bin/perl -I /usr/local/3rdparty/altera/18.1/quartus/linux64//perl/lib -I /usr/local/3rdparty/altera/18.1/quartus/sopc_builder/bin/europa -I /usr/local/3rdparty/altera/18.1/quartus/sopc_builder/bin/perl_lib -I /usr/local/3rdparty/altera/18.1/quartus/sopc_builder/bin -I /usr/local/3rdparty/altera/18.1/quartus/../ip/altera/sopc_builder_ip/common -I /usr/local/3rdparty/altera/18.1/quartus/../ip/altera/sopc_builder_ip/altera_avalon_timer -- /usr/local/3rdparty/altera/18.1/quartus/../ip/altera/sopc_builder_ip/altera_avalon_timer/generate_rtl.pl --name=nios_system_timer_0 --dir=/tmp/alt9466_3013606083615334524.dir/0009_timer_0_gen/ --quartus_dir=/usr/local/3rdparty/altera/18.1/quartus --verilog --config=/tmp/alt9466_3013606083615334524.dir/0009_timer_0_gen//nios_system_timer_0_component_configuration.pl  --do_build_sim=0  ]
Info: timer_0: Done RTL generation for module 'nios_system_timer_0'
Info: timer_0: "nios_system" instantiated altera_avalon_timer "timer_0"
Info: vga: Starting Generation of VGA Controller
Info: vga: "nios_system" instantiated altera_up_avalon_video_vga_controller "vga"
Info: video_alpha_blender_0: Starting Generation of the Alpha Blender
Info: video_alpha_blender_0: "nios_system" instantiated altera_up_avalon_video_alpha_blender "video_alpha_blender_0"
Info: video_character_buffer_with_dma_0: Starting Generation of Character Buffer
Info: video_character_buffer_with_dma_0: "nios_system" instantiated altera_up_avalon_video_character_buffer_with_dma "video_character_buffer_with_dma_0"
Info: video_pll_0: "nios_system" instantiated altera_up_avalon_video_pll "video_pll_0"
Info: video_scaler: Starting Generation of Video Scaler
Info: video_scaler: "nios_system" instantiated altera_up_avalon_video_scaler "video_scaler"
Info: processor_custom_instruction_master_translator: "nios_system" instantiated altera_customins_master_translator "processor_custom_instruction_master_translator"
Info: processor_custom_instruction_master_comb_xconnect: "nios_system" instantiated altera_customins_xconnect "processor_custom_instruction_master_comb_xconnect"
Info: processor_custom_instruction_master_comb_slave_translator0: "nios_system" instantiated altera_customins_slave_translator "processor_custom_instruction_master_comb_slave_translator0"
Info: processor_custom_instruction_master_multi_xconnect: "nios_system" instantiated altera_customins_xconnect "processor_custom_instruction_master_multi_xconnect"
Info: avalon_st_adapter: Inserting error_adapter: error_adapter_0
Info: avalon_st_adapter_001: Inserting error_adapter: error_adapter_0
Info: avalon_st_adapter_002: Inserting error_adapter: error_adapter_0
Info: avalon_st_adapter_003: Inserting error_adapter: error_adapter_0
Info: avalon_st_adapter_004: Inserting error_adapter: error_adapter_0
Info: avalon_st_adapter_005: Inserting error_adapter: error_adapter_0
Info: avalon_st_adapter_006: Inserting error_adapter: error_adapter_0
Info: avalon_st_adapter_007: Inserting error_adapter: error_adapter_0
Info: avalon_st_adapter_008: Inserting error_adapter: error_adapter_0
Info: avalon_st_adapter_009: Inserting error_adapter: error_adapter_0
Info: mm_interconnect_0: "nios_system" instantiated altera_mm_interconnect "mm_interconnect_0"
Info: irq_mapper: "nios_system" instantiated altera_irq_mapper "irq_mapper"
Info: avalon_st_adapter: "nios_system" instantiated altera_avalon_st_adapter "avalon_st_adapter"
Info: rst_controller: "nios_system" instantiated altera_reset_controller "rst_controller"
Info: fpci_combi: "nios_custom_instr_floating_point_2_0" instantiated altera_nios_custom_instr_floating_point_2_combi "fpci_combi"
Info: fpci_multi: "nios_custom_instr_floating_point_2_0" instantiated altera_nios_custom_instr_floating_point_2_multi "fpci_multi"
Info: cpu: Starting RTL generation for module 'nios_system_processor_cpu'
Info: cpu:   Generation command is [exec /usr/local/3rdparty/altera/18.1/quartus/linux64//eperlcmd -I /usr/local/3rdparty/altera/18.1/quartus/linux64//perl/lib -I /usr/local/3rdparty/altera/18.1/quartus/sopc_builder/bin/europa -I /usr/local/3rdparty/altera/18.1/quartus/sopc_builder/bin/perl_lib -I /usr/local/3rdparty/altera/18.1/quartus/sopc_builder/bin -I /usr/local/3rdparty/altera/18.1/quartus/../ip/altera/nios2_ip/altera_nios2_gen2/cpu_lib -I /usr/local/3rdparty/altera/18.1/quartus/../ip/altera/nios2_ip/altera_nios2_gen2/nios_lib -I /usr/local/3rdparty/altera/18.1/quartus/../ip/altera/nios2_ip/altera_nios2_gen2 -I /usr/local/3rdparty/altera/18.1/quartus/../ip/altera/nios2_ip/altera_nios2_gen2 -- /usr/local/3rdparty/altera/18.1/quartus/../ip/altera/nios2_ip/altera_nios2_gen2/generate_rtl.epl --name=nios_system_processor_cpu --dir=/tmp/alt9466_3013606083615334524.dir/0022_cpu_gen/ --quartus_bindir=/usr/local/3rdparty/altera/18.1/quartus/linux64/ --verilog --config=/tmp/alt9466_3013606083615334524.dir/0022_cpu_gen//nios_system_processor_cpu_processor_configuration.pl  --do_build_sim=0  ]
Info: cpu: # 2023.04.19 09:20:39 (*) Starting Nios II generation
Info: cpu: # 2023.04.19 09:20:39 (*)   Checking for plaintext license.
Info: cpu: # 2023.04.19 09:20:39 (*)   Couldn't query license setup in Quartus directory /usr/local/3rdparty/altera/18.1/quartus/linux64/
Info: cpu: # 2023.04.19 09:20:39 (*)   Defaulting to contents of LM_LICENSE_FILE environment variable
Info: cpu: # 2023.04.19 09:20:39 (*)   Plaintext license not found.
Info: cpu: # 2023.04.19 09:20:39 (*)   Checking for encrypted license (non-evaluation).
Info: cpu: # 2023.04.19 09:20:40 (*)   Couldn't query license setup in Quartus directory /usr/local/3rdparty/altera/18.1/quartus/linux64/
Info: cpu: # 2023.04.19 09:20:40 (*)   Defaulting to contents of LM_LICENSE_FILE environment variable
Info: cpu: # 2023.04.19 09:20:40 (*)   Encrypted license found.  SOF will not be time-limited.
Info: cpu: # 2023.04.19 09:20:40 (*)   Elaborating CPU configuration settings
Info: cpu: # 2023.04.19 09:20:40 (*)   Creating all objects for CPU
Info: cpu: # 2023.04.19 09:20:40 (*)     Testbench
Info: cpu: # 2023.04.19 09:20:40 (*)     Instruction decoding
Info: cpu: # 2023.04.19 09:20:40 (*)       Instruction fields
Info: cpu: # 2023.04.19 09:20:40 (*)       Instruction decodes
Info: cpu: # 2023.04.19 09:20:41 (*)       Signals for RTL simulation waveforms
Info: cpu: # 2023.04.19 09:20:41 (*)       Instruction controls
Info: cpu: # 2023.04.19 09:20:41 (*)     Pipeline frontend
Info: cpu: # 2023.04.19 09:20:41 (*)     Pipeline backend
Info: cpu: # 2023.04.19 09:20:42 (*)   Generating RTL from CPU objects
Info: cpu: # 2023.04.19 09:20:43 (*)   Creating encrypted RTL
Info: cpu: # 2023.04.19 09:20:44 (*) Done Nios II generation
Info: cpu: Done RTL generation for module 'nios_system_processor_cpu'
Info: cpu: "processor" instantiated altera_nios2_gen2_unit "cpu"
Info: sys_pll: "sys_sdram_pll" instantiated altera_up_altpll "sys_pll"
Info: reset_from_locked: "sys_sdram_pll" instantiated altera_up_avalon_reset_from_locked_signal "reset_from_locked"
Info: dma_buffer_avalon_pixel_dma_master_translator: "mm_interconnect_0" instantiated altera_merlin_master_translator "dma_buffer_avalon_pixel_dma_master_translator"
Info: sram_controller_avalon_sram_slave_translator: "mm_interconnect_0" instantiated altera_merlin_slave_translator "sram_controller_avalon_sram_slave_translator"
Info: dma_buffer_avalon_pixel_dma_master_agent: "mm_interconnect_0" instantiated altera_merlin_master_agent "dma_buffer_avalon_pixel_dma_master_agent"
Info: sram_controller_avalon_sram_slave_agent: "mm_interconnect_0" instantiated altera_merlin_slave_agent "sram_controller_avalon_sram_slave_agent"
Info: sram_controller_avalon_sram_slave_agent_rsp_fifo: "mm_interconnect_0" instantiated altera_avalon_sc_fifo "sram_controller_avalon_sram_slave_agent_rsp_fifo"
Info: router: "mm_interconnect_0" instantiated altera_merlin_router "router"
Info: router_001: "mm_interconnect_0" instantiated altera_merlin_router "router_001"
Info: router_002: "mm_interconnect_0" instantiated altera_merlin_router "router_002"
Info: router_003: "mm_interconnect_0" instantiated altera_merlin_router "router_003"
Info: router_004: "mm_interconnect_0" instantiated altera_merlin_router "router_004"
Info: router_005: "mm_interconnect_0" instantiated altera_merlin_router "router_005"
Info: router_010: "mm_interconnect_0" instantiated altera_merlin_router "router_010"
Info: processor_data_master_limiter: "mm_interconnect_0" instantiated altera_merlin_traffic_limiter "processor_data_master_limiter"
Info: Reusing file /acct/mjonker/csce-313-embedded-systems/project6/6_case_a/nios_system/synthesis/submodules/altera_avalon_sc_fifo.v
Info: sram_controller_avalon_sram_slave_burst_adapter: "mm_interconnect_0" instantiated altera_merlin_burst_adapter "sram_controller_avalon_sram_slave_burst_adapter"
Info: Reusing file /acct/mjonker/csce-313-embedded-systems/project6/6_case_a/nios_system/synthesis/submodules/altera_avalon_st_pipeline_base.v
Info: cmd_demux: "mm_interconnect_0" instantiated altera_merlin_demultiplexer "cmd_demux"
Info: cmd_demux_001: "mm_interconnect_0" instantiated altera_merlin_demultiplexer "cmd_demux_001"
Info: cmd_demux_002: "mm_interconnect_0" instantiated altera_merlin_demultiplexer "cmd_demux_002"
Info: cmd_mux: "mm_interconnect_0" instantiated altera_merlin_multiplexer "cmd_mux"
Info: cmd_mux_001: "mm_interconnect_0" instantiated altera_merlin_multiplexer "cmd_mux_001"
Info: Reusing file /acct/mjonker/csce-313-embedded-systems/project6/6_case_a/nios_system/synthesis/submodules/altera_merlin_arbitrator.sv
Info: rsp_demux: "mm_interconnect_0" instantiated altera_merlin_demultiplexer "rsp_demux"
Info: rsp_mux: "mm_interconnect_0" instantiated altera_merlin_multiplexer "rsp_mux"
Info: Reusing file /acct/mjonker/csce-313-embedded-systems/project6/6_case_a/nios_system/synthesis/submodules/altera_merlin_arbitrator.sv
Info: rsp_mux_001: "mm_interconnect_0" instantiated altera_merlin_multiplexer "rsp_mux_001"
Info: Reusing file /acct/mjonker/csce-313-embedded-systems/project6/6_case_a/nios_system/synthesis/submodules/altera_merlin_arbitrator.sv
Info: rsp_mux_002: "mm_interconnect_0" instantiated altera_merlin_multiplexer "rsp_mux_002"
Info: Reusing file /acct/mjonker/csce-313-embedded-systems/project6/6_case_a/nios_system/synthesis/submodules/altera_merlin_arbitrator.sv
Info: sram_controller_avalon_sram_slave_rsp_width_adapter: "mm_interconnect_0" instantiated altera_merlin_width_adapter "sram_controller_avalon_sram_slave_rsp_width_adapter"
Info: Reusing file /acct/mjonker/csce-313-embedded-systems/project6/6_case_a/nios_system/synthesis/submodules/altera_merlin_address_alignment.sv
Info: Reusing file /acct/mjonker/csce-313-embedded-systems/project6/6_case_a/nios_system/synthesis/submodules/altera_merlin_burst_uncompressor.sv
Info: crosser: "mm_interconnect_0" instantiated altera_avalon_st_handshake_clock_crosser "crosser"
Info: Reusing file /acct/mjonker/csce-313-embedded-systems/project6/6_case_a/nios_system/synthesis/submodules/altera_avalon_st_pipeline_base.v
Info: avalon_st_adapter: "mm_interconnect_0" instantiated altera_avalon_st_adapter "avalon_st_adapter"
Info: avalon_st_adapter_001: "mm_interconnect_0" instantiated altera_avalon_st_adapter "avalon_st_adapter_001"
Info: avalon_st_adapter_002: "mm_interconnect_0" instantiated altera_avalon_st_adapter "avalon_st_adapter_002"
Info: channel_adapter_0: "avalon_st_adapter" instantiated channel_adapter "channel_adapter_0"
Info: error_adapter_0: "avalon_st_adapter" instantiated error_adapter "error_adapter_0"
Info: error_adapter_0: "avalon_st_adapter_001" instantiated error_adapter "error_adapter_0"
Info: error_adapter_0: "avalon_st_adapter_002" instantiated error_adapter "error_adapter_0"
Info: nios_system: Done "nios_system" with 62 modules, 120 files
Info: qsys-generate succeeded.
Info: Finished: Create HDL design files for synthesis
